# To run the profiling:
#   mvn compile test-compile exec:java -Dexec.classpathScope=test -Dexec.mainClass="io.swagger.PetstoreProfiling"

0: ADD PET => 0.987609128
0: GET PET => 0.450873167
0: UPDATE PET => 0.447611998
0: DELETE PET => 0.397707664
1: ADD PET => 0.395333121
1: GET PET => 0.381760136
1: UPDATE PET => 0.395245221
1: DELETE PET => 0.384854324
2: ADD PET => 0.400336227
2: GET PET => 0.378959921
2: UPDATE PET => 0.397619284
2: DELETE PET => 0.383307393
3: ADD PET => 0.385764805
3: GET PET => 0.40218304
3: UPDATE PET => 0.387887511
3: DELETE PET => 0.398063489
4: ADD PET => 0.384757488
4: GET PET => 0.398719713
4: UPDATE PET => 0.383319052
4: DELETE PET => 0.408516644
