Measure Mode: wall_time
Thread ID: 70329221636600
Fiber ID: 70329234076680
Total: 10.998497
Sort by: self_time

 %self      total      self      wait     child     calls  name
 99.20     10.920    10.911     0.000     0.010       20   <Module::Ethon::Curl>#easy_perform
  0.05      0.005     0.005     0.000     0.000     1392   Symbol#to_s
  0.04      0.019     0.005     0.000     0.015      268   Ethon::Curls::Options#set_option
  0.02      0.003     0.003     0.000     0.000      718   Ethon::Easy::Operations#handle
  0.02      0.003     0.003     0.000     0.000      657   String#downcase
  0.02      0.003     0.003     0.000     0.000      658   FFI::Enum#to_native
  0.02      0.003     0.003     0.000     0.000      678   FFI::Enum#from_native
  0.02      0.029     0.002     0.000     0.027      200  *Proc#call
  0.02      0.034     0.002     0.000     0.032      210  *Array#each
  0.02      0.014     0.002     0.000     0.012      309  *Class#new
  0.02      0.004     0.002     0.000     0.003      390   <Module::Ethon::Curl>#easy_getinfo
  0.02      0.002     0.002     0.000     0.000      175   Typhoeus::EasyFactory#renamed_options
  0.01      0.001     0.001     0.000     0.000      744   Kernel#respond_to?
  0.01      0.003     0.001     0.000     0.002      201  *<Class::Petstore::Configuration>#method_missing
  0.01      0.006     0.001     0.000     0.005       75   Hash#each
  0.01      0.020     0.001     0.000     0.019       56  *Hash#each_pair
  0.01      0.001     0.001     0.000     0.000      430   Symbol#to_sym
  0.01      0.004     0.001     0.000     0.003      210   Ethon::Curls::Infos#get_info_double
  0.01      0.003     0.001     0.000     0.002      175  *Array#map
  0.01      0.001     0.001     0.000     0.000      268   Ethon::Curls::Options#easy_options
  0.01      0.001     0.001     0.000     0.000      201   <Class::Petstore::Configuration>#instance
  0.01      0.001     0.001     0.000     0.000      420   Ethon::Curls::Infos#double_ptr
  0.01      0.002     0.001     0.000     0.001      250   FFI::Pointer#read_string
  0.01      0.001     0.001     0.000     0.000       80   Hash#initialize_copy
  0.01      0.001     0.001     0.000     0.000      240   Typhoeus::Response::Header#set_value
  0.01      0.001     0.001     0.000     0.000      656   Kernel#is_a?
  0.01      0.001     0.001     0.000     0.000       42   String#gsub
  0.01      0.003     0.001     0.000     0.002      120   Ethon::Curls::Infos#get_info_long
  0.01      0.004     0.001     0.000     0.004      120   Typhoeus::Response::Header#process_line
  0.01      0.001     0.001     0.000     0.001       85   <Module::Ethon::Curl>#easy_setopt_string
  0.01      0.001     0.001     0.000     0.000      140   String#split
  0.01      0.001     0.001     0.000     0.000      485   Kernel#nil?
  0.01      0.001     0.001     0.000     0.000      240   Ethon::Curls::Infos#long_ptr
  0.01      0.001     0.001     0.000     0.000       42   <Module::Ethon::Curl>#easy_setopt_callback
  0.01      0.006     0.001     0.000     0.006       20   Petstore::ApiClient#build_request
  0.00      0.001     0.000     0.000     0.001       90   <Module::Ethon::Curl>#easy_setopt_long
  0.00      0.000     0.000     0.000     0.000      170   FFI::AbstractMemory#get_bytes
  0.00      0.001     0.000     0.000     0.000       30   <Class::Ethon::Easy::Mirror>#informations_to_mirror
  0.00      0.002     0.000     0.000     0.002      120   Typhoeus::Response::Header#process_pair
  0.00      0.002     0.000     0.000     0.002       60   Ethon::Curls::Infos#get_info_string
  0.00      0.000     0.000     0.000     0.000      190   String#to_s
  0.00      0.000     0.000     0.000     0.000      130   Kernel#class
  0.00      0.000     0.000     0.000     0.000      240   String#strip
  0.00      0.001     0.000     0.000     0.001       42   Mutex#synchronize
  0.00      0.000     0.000     0.000     0.000      268   Hash#include?
  0.00      0.000     0.000     0.000     0.000       36   String#sub
  0.00      0.001     0.000     0.000     0.001       21   FFI::AutoPointer#initialize
  0.00      0.000     0.000     0.000     0.000      400   Array#include?
  0.00     10.941     0.000     0.000    10.941       20   Ethon::Easy::Operations#perform
  0.00      0.000     0.000     0.000     0.000      185   Integer#to_i
  0.00      0.006     0.000     0.000     0.006       21   Ethon::Easy::Callbacks#set_callbacks
  0.00      0.001     0.000     0.000     0.001       80   Ethon::Easy::Header#compose_header
  0.00      0.000     0.000     0.000     0.000      210   FFI::AbstractMemory#read_double
  0.00      0.001     0.000     0.000     0.000       90   <Module::FFI>#find_type
  0.00      0.001     0.000     0.000     0.001       90   <Module::FFI>#type_size
  0.00      0.002     0.000     0.000     0.001       30   Ethon::Easy::Informations#httpauth_avail
  0.00      0.000     0.000     0.000     0.000       80   <Module::Ethon::Curl>#slist_append
  0.00      0.001     0.000     0.000     0.001       85   Kernel#initialize_dup
  0.00      0.000     0.000     0.000     0.000      330   Hash#has_key?
  0.00     10.993     0.000     0.000    10.992       20   Petstore::ApiClient#call_api
  0.00      0.000     0.000     0.000     0.000       80   String#encode
  0.00      0.001     0.000     0.000     0.000       20   Petstore::Configuration#auth_settings
  0.00      0.001     0.000     0.000     0.000      140   Typhoeus::Response::Informations#response_code
  0.00      0.000     0.000     0.000     0.000       65   <Class::Petstore::Pet>#attribute_map
  0.00      0.000     0.000     0.000     0.000       35   Petstore::ApiClient#json_mime?
  0.00      0.001     0.000     0.000     0.000       85   Ethon::Easy::Http::Actionable#form
  0.00      0.000     0.000     0.000     0.000       45   Hash#keys
  0.00      0.023     0.000     0.000     0.022       20   Ethon::Easy::Http::Actionable#setup
  0.00      0.002     0.000     0.000     0.001       80   Typhoeus::EasyFactory#easy
  0.00      0.001     0.000     0.000     0.001       20   Typhoeus::Request::Callbacks#execute_callbacks
  0.00      0.001     0.000     0.000     0.000       40   Hash#merge
  0.00      0.001     0.000     0.000     0.000       80   Ethon::Easy::Util#escape_zero_byte
  0.00      0.000     0.000     0.000     0.000      120   Ethon::Curls::Infos#string_ptr
  0.00      0.001     0.000     0.000     0.000       50   Enumerable#find
  0.00      0.000     0.000     0.000     0.000       80   FFI::AbstractMemory#get_string
  0.00      0.000     0.000     0.000     0.000       80   Typhoeus::Request::Responseable#response
  0.00      0.000     0.000     0.000     0.000      120   FFI::AbstractMemory#read_long
  0.00      0.000     0.000     0.000     0.000      120   Hash#[]=
  0.00      0.001     0.000     0.000     0.001       40   Typhoeus::Response::Status#success?
  0.00     10.998     0.000     0.000    10.998        5   PetstoreProfiling#call_apis
  0.00      0.000     0.000     0.000     0.000       20   <Module::Ethon::Curl>#easy_reset
  0.00      0.007     0.000     0.000     0.007       25   Typhoeus::Response::Informations#headers
  0.00      0.000     0.000     0.000     0.000       90   Fixnum#<<
  0.00      0.001     0.000     0.000     0.001       20   Petstore::ApiClient#build_request_url
  0.00      0.032     0.000     0.000     0.031       20   Typhoeus::EasyFactory#get
  0.00      0.001     0.000     0.000     0.001       45   Kernel#dup
  0.00      0.000     0.000     0.000     0.000       21   <Module::Ethon::Curl>#easy_setopt_debug_callback
  0.00      0.016     0.000     0.000     0.016       30   <Class::Ethon::Easy::Mirror>#from_easy
  0.00      0.000     0.000     0.000     0.000       20   String#lines
  0.00      0.001     0.000     0.000     0.000       20   Typhoeus::Request#set_defaults
  0.00      0.006     0.000     0.000     0.006       20   Typhoeus::Response::Header#initialize
  0.00      0.000     0.000     0.000     0.000       40   Typhoeus::Request::Callbacks::Types#on_complete
  0.00      0.000     0.000     0.000     0.000      120   Symbol#to_proc
  0.00      0.001     0.000     0.000     0.000       20   Typhoeus::EasyFactory#set_callback
  0.00     10.974     0.000     0.000    10.973       20   Typhoeus::Request::Operations#run
  0.00      0.001     0.000     0.000     0.001       60  *Petstore::BaseObject#_to_hash
  0.00      0.000     0.000     0.000     0.000       90   FFI::Type#size
  0.00      0.000     0.000     0.000     0.000       60   FFI::AbstractMemory#read_pointer
  0.00      0.002     0.000     0.000     0.002       20   Typhoeus::Request::Operations#finish
  0.00      0.001     0.000     0.000     0.000       21   URI::Escape#escape
  0.00      0.000     0.000     0.000     0.000       40   Typhoeus::Request::Callbacks::Types#on_success
  0.00      0.000     0.000     0.000     0.000       22   Ethon::Loggable#logger
  0.00      0.000     0.000     0.000     0.000       65   Typhoeus::Response#mock
  0.00      0.006     0.000     0.000     0.006       20   Ethon::Easy#reset
  0.00      0.001     0.000     0.000     0.000       30   <Module::Ethon::Curl>#easy_setopt_ffipointer
  0.00      0.001     0.000     0.000     0.001        5   JSON::Ext::Generator::GeneratorMethods::Hash#to_json
  0.00      3.494     0.000     0.000     3.494        5   Petstore::PetApi#get_pet_by_id_with_http_info
  0.00      0.000     0.000     0.000     0.000      160   Kernel#block_given?
  0.00      3.220     0.000     0.000     3.219        5   Petstore::PetApi#update_pet_with_form_with_http_info
  0.00      0.001     0.000     0.000     0.001       30   Ethon::Easy::Informations#effective_url
  0.00      0.006     0.000     0.000     0.006       20   Typhoeus::Response::Header#parse
  0.00     10.975     0.000     0.000    10.975       20   Typhoeus::Request::Before#run
  0.00      0.011     0.000     0.000     0.011       20   Ethon::Easy#mirror
  0.00      0.000     0.000     0.000     0.000       40   <Module::Typhoeus::Pool>#easies
  0.00      0.000     0.000     0.000     0.000       40   Typhoeus::EasyFactory#sanitize_timeout!
  0.00      0.000     0.000     0.000     0.000        5   JSON::Ext::Parser#parse
  0.00      0.000     0.000     0.000     0.000       50   String#to_sym
  0.00      0.000     0.000     0.000     0.000       70   Hash#fetch
  0.00      0.001     0.000     0.000     0.001       20   Typhoeus::Request#initialize
  0.00      0.005     0.000     0.000     0.005       20   Typhoeus::EasyFactory#sanitize
  0.00      0.000     0.000     0.000     0.000       21   URI::RFC2396_Parser#escape
  0.00      0.001     0.000     0.000     0.001       30   Ethon::Easy::Informations#total_time
  0.00      0.001     0.000     0.000     0.001       30   Ethon::Easy::Informations#appconnect_time
  0.00      2.141     0.000     0.000     2.141        5   Petstore::PetApi#delete_pet_with_http_info
  0.00      0.001     0.000     0.000     0.000       20   Petstore::ApiClient#select_header_accept
  0.00      0.000     0.000     0.000     0.000       30   Enumerable#inject
  0.00      0.000     0.000     0.000     0.000       80   Integer#chr
  0.00      0.000     0.000     0.000     0.000       90   Fixnum#<
  0.00     10.974     0.000     0.000    10.974       20   Typhoeus::Request::BlockConnection#run
  0.00      2.143     0.000     0.000     2.143        5   Petstore::PetApi#add_pet_with_http_info
  0.00      0.000     0.000     0.000     0.000       21   Logger#add
  0.00      0.020     0.000     0.000     0.020       20   Ethon::Easy::ResponseCallbacks#complete
  0.00      0.000     0.000     0.000     0.000       21   Logger#debug
  0.00     10.975     0.000     0.000    10.974       20   Typhoeus::Request::Stubbable#run
  0.00      0.004     0.000     0.000     0.004       20   Ethon::Easy::Header#headers=
  0.00      0.000     0.000     0.000     0.000       20   Typhoeus::Request::Cacheable#response=
  0.00      0.001     0.000     0.000     0.001       50  *Petstore::BaseObject#_deserialize
  0.00      0.000     0.000     0.000     0.000       35   Module#const_get
  0.00      0.000     0.000     0.000     0.000       20   Ethon::Easy::Http::Actionable#params
  0.00      0.003     0.000     0.000     0.003       10   Ethon::Easy::Http::Postable#set_form
  0.00      0.000     0.000     0.000     0.000       50   Symbol#=~
  0.00      0.001     0.000     0.000     0.001       30   Ethon::Easy::Informations#pretransfer_time
  0.00      0.000     0.000     0.000     0.000       30   Typhoeus::Response#initialize
  0.00      0.000     0.000     0.000     0.000       10   Petstore::Pet#initialize
  0.00      0.000     0.000     0.000     0.000       20   Petstore::ApiClient#select_header_content_type
  0.00      0.002     0.000     0.000     0.002       20   Ethon::Easy::Options#nosignal=
  0.00      0.001     0.000     0.000     0.001       20   Ethon::Easy::Http::Actionable#initialize
  0.00      0.000     0.000     0.000     0.000       21   <Module::ObjectSpace>#define_finalizer
  0.00      0.002     0.000     0.000     0.001       20   Ethon::Easy::Http#fabricate
  0.00      0.001     0.000     0.000     0.001       30   Ethon::Easy::Informations#primary_ip
  0.00      0.000     0.000     0.000     0.000      119   NilClass#nil?
  0.00      0.001     0.000     0.000     0.001       30   Ethon::Easy::Informations#redirect_time
  0.00      0.001     0.000     0.000     0.001       30   Ethon::Easy::Informations#starttransfer_time
  0.00      0.000     0.000     0.000     0.000       20   Symbol#downcase
  0.00      0.000     0.000     0.000     0.000       21   Kernel#method
  0.00      0.000     0.000     0.000     0.000       20   Petstore::Configuration#api_key_with_prefix
  0.00      0.000     0.000     0.000     0.000       25   <Class::Petstore::Category>#attribute_map
  0.00     10.974     0.000     0.000    10.974       20   Typhoeus::Request::Cacheable#run
  0.00      0.000     0.000     0.000     0.000       20   Typhoeus::Request::Callbacks::Types#on_headers
  0.00      0.001     0.000     0.000     0.001       30   Ethon::Easy::Informations#namelookup_time
  0.00      0.001     0.000     0.000     0.001       30   Ethon::Easy::Informations#connect_time
  0.00      0.001     0.000     0.000     0.001       30   Ethon::Easy::Informations#request_size
  0.00      0.000     0.000     0.000     0.000       21   String#force_encoding
  0.00      0.000     0.000     0.000     0.000       20   <Module::Typhoeus>#before
  0.00      0.000     0.000     0.000     0.000       40   Typhoeus::Response::Informations#return_code
  0.00      0.000     0.000     0.000     0.000       30   Ethon::Easy::Mirror#initialize
  0.00      0.000     0.000     0.000     0.000       15   Petstore::ApiClient#build_request_body
  0.00      0.001     0.000     0.000     0.001       30   Ethon::Easy::Informations#redirect_count
  0.00      0.025     0.000     0.000     0.025       20   Ethon::Easy::Http#http_request
  0.00      0.001     0.000     0.000     0.001       30   Ethon::Easy::Informations#response_code
  0.00      0.000     0.000     0.000     0.000       50   Ethon::Easy::Http::Actionable#query_options
  0.00      0.000     0.000     0.000     0.000       25   <Class::Petstore::Tag>#attribute_map
  0.00      0.000     0.000     0.000     0.000       25   NilClass#to_s
  0.00      0.007     0.000     0.000     0.007       20   <Module::Typhoeus::Pool>#release
  0.00      0.000     0.000     0.000     0.000       20   Ethon::Easy::ResponseCallbacks#on_headers
  0.00      0.000     0.000     0.000     0.000       20   <Class::Typhoeus::Expectation>#response_for
  0.00      0.001     0.000     0.000     0.001       20   Ethon::Easy::Http::Actionable#parse_options
  0.00      0.000     0.000     0.000     0.000       35   Hash#delete
  0.00      0.000     0.000     0.000     0.000       45   Typhoeus::Response::Informations#response_headers
  0.00      0.000     0.000     0.000     0.000       20   <Module::Ethon::Curl>#easy_escape
  0.00      0.000     0.000     0.000     0.000       21   FFI::AutoPointer::Releaser#initialize
  0.00      0.000     0.000     0.000     0.000       21   Ethon::Easy::Callbacks#header_write_callback
  0.00      0.000     0.000     0.000     0.000       21   Ethon::Easy::DebugInfo#initialize
  0.00      0.000     0.000     0.000     0.000       20   Typhoeus::EasyFactory#initialize
  0.00      0.000     0.000     0.000     0.000       20   Typhoeus::Request::Memoizable#response=
  0.00      0.000     0.000     0.000     0.000      105   Module#===
  0.00      0.000     0.000     0.000     0.000       80   String#include?
  0.00      0.000     0.000     0.000     0.000       21   Ethon::Easy::Callbacks#body_write_callback
  0.00      0.000     0.000     0.000     0.000       16   Array#join
  0.00      0.000     0.000     0.000     0.000       20   <Class::Typhoeus::Expectation>#find_by
  0.00      0.005     0.000     0.000     0.005        5   Petstore::ApiClient#deserialize
  0.00      0.000     0.000     0.000     0.000       30   Regexp#===
  0.00      0.006     0.000     0.000     0.006       10   Ethon::Easy::ResponseCallbacks#headers
  0.00      0.000     0.000     0.000     0.000       21   Ethon::Easy::Callbacks#debug_callback
  0.00      0.000     0.000     0.000     0.000       20   Ethon::Easy::ResponseCallbacks#on_complete
  0.00      0.002     0.000     0.000     0.002       20   Ethon::Easy::Options#url=
  0.00      0.000     0.000     0.000     0.000       84   Kernel#kind_of?
  0.00      0.000     0.000     0.000     0.000       40   Typhoeus::Request::Cacheable#cacheable?
  0.00      0.017     0.000     0.000     0.017       21   Ethon::Easy#set_attributes
  0.00      0.000     0.000     0.000     0.000       20   Module#const_defined?
  0.00      0.001     0.000     0.000     0.001       20   <Module::Typhoeus::Pool>#get
  0.00      0.000     0.000     0.000     0.000       20   <Module::Process>#pid
  0.00      0.000     0.000     0.000     0.000       40   String#bytesize
  0.00      0.000     0.000     0.000     0.000       20   Ethon::Easy::Params#initialize
  0.00      0.000     0.000     0.000     0.000       20   Kernel#lambda
  0.00      0.000     0.000     0.000     0.000       20   String#capitalize
  0.00      0.000     0.000     0.000     0.000       25   Ethon::Easy::Queryable#query_pairs
  0.00      0.000     0.000     0.000     0.000      195   Symbol#===
  0.00      0.000     0.000     0.000     0.000       20   Ethon::Easy::Form#initialize
  0.00      0.000     0.000     0.000     0.000       13   FFI::MemoryPointer#initialize
  0.00      0.000     0.000     0.000     0.000      105   Hash#key?
  0.00      0.000     0.000     0.000     0.000       20   Ethon::Easy#escape
  0.00      0.000     0.000     0.000     0.000       20   <Class::Typhoeus::Expectation>#all
  0.00      0.000     0.000     0.000     0.000       10   Typhoeus::Request::Callbacks#execute_headers_callbacks
  0.00      0.000     0.000     0.000     0.000       20   Typhoeus::Response::Header#set_default_proc_on
  0.00      0.000     0.000     0.000     0.000       15   Hash#update
  0.00      0.000     0.000     0.000     0.000       60   FFI::Pointer#null?
  0.00      0.001     0.000     0.000     0.001       20   Ethon::Easy::Options#sslcert=
  0.00      0.001     0.000     0.000     0.001       20   Ethon::Easy::Queryable#to_s
  0.00      0.000     0.000     0.000     0.000       55   Ethon::Easy::Queryable#empty?
  0.00      0.000     0.000     0.000     0.000       20   Hash#default_proc=
  0.00      0.000     0.000     0.000     0.000       10   Petstore::Category#initialize
  0.00      0.000     0.000     0.000     0.000       10   Petstore::Tag#initialize
  0.00      0.000     0.000     0.000     0.000       21   FFI::Pointer#initialize
  0.00      0.002     0.000     0.000     0.001       20   Ethon::Easy::Options#verbose=
  0.00      0.002     0.000     0.000     0.002       20   Ethon::Easy::Options#maxredirs=
  0.00      0.001     0.000     0.000     0.001       20   Ethon::Easy::Options#sslkey=
  0.00      0.000     0.000     0.000     0.000       20   Array#pop
  0.00      0.000     0.000     0.000     0.000       21   FFI::Pointer#type_size
  0.00      0.000     0.000     0.000     0.000       20   Ethon::Easy::Http::Actionable#url
  0.00      0.000     0.000     0.000     0.000       20   Typhoeus::Request::BlockConnection#blocked?
  0.00      0.002     0.000     0.000     0.002       20   Ethon::Easy::Options#ssl_verifypeer=
  0.00      0.000     0.000     0.000     0.000       20   Ethon::Easy::Http::Actionable#options
  0.00      0.000     0.000     0.000     0.000       10   Ethon::Easy::ResponseCallbacks#body
  0.00      0.000     0.000     0.000     0.000       10   Petstore::Pet#status=
  0.00      0.001     0.000     0.000     0.001       20   Ethon::Easy::Options#cainfo=
  0.00      0.000     0.000     0.000     0.000       30   Array#last
  0.00      0.001     0.000     0.000     0.001       20   Petstore::ApiClient#update_params_for_auth!
  0.00      0.003     0.000     0.000     0.003        5   Petstore::ApiClient#convert_to_type
  0.00     10.998     0.000     0.000    10.998        1   PetstoreProfiling#run
  0.00      0.012     0.000     0.000     0.011       10   Ethon::Easy::Http::Post#setup
  0.00      0.000     0.000     0.000     0.000        5   JSON::Ext::Parser#initialize
  0.00      0.000     0.000     0.000     0.000       20   Typhoeus::Request::Memoizable#memoizable?
  0.00      0.000     0.000     0.000     0.000       20   Typhoeus::Response::Header#raw
  0.00      0.002     0.000     0.000     0.002        5   Petstore::ApiClient#object_to_http_body
  0.00      0.000     0.000     0.000     0.000       20   Typhoeus::Request::Responseable#response=
  0.00      0.000     0.000     0.000     0.000       15   Fixnum#to_s
  0.00      0.001     0.000     0.000     0.001       15  *Petstore::BaseObject#to_hash
  0.00      0.000     0.000     0.000     0.000       10   Array#any?
  0.00      0.000     0.000     0.000     0.000       10   Ethon::Easy::Queryable#build_query_pairs
  0.00      0.000     0.000     0.000     0.000        1   <Module::Ethon::Curl>#easy_init
  0.00      0.000     0.000     0.000     0.000       10   Ethon::Easy::Queryable#pairs_for
  0.00      0.001     0.000     0.000     0.000        5   Petstore::PetApi#initialize
  0.00      0.000     0.000     0.000     0.000       10   Array#compact
  0.00      0.003     0.000     0.000     0.002       15  *Petstore::BaseObject#build_from_hash
  0.00      0.000     0.000     0.000     0.000       20   Typhoeus::Request::Streamable#streaming?
  0.00      0.000     0.000     0.000     0.000       10   Ethon::Easy::Http::Actionable#params_encoding
  0.00      0.000     0.000     0.000     0.000       10   FFI::AbstractMemory#put_bytes
  0.00      3.494     0.000     0.000     3.494        5   Petstore::PetApi#get_pet_by_id
  0.00      0.000     0.000     0.000     0.000       20   Proc#to_proc
  0.00      0.000     0.000     0.000     0.000        5   Petstore::Configuration#api_client
  0.00      0.006     0.000     0.000     0.006        5   Ethon::Easy::Http::Delete#setup
  0.00      0.001     0.000     0.000     0.001       10   Ethon::Easy::Options#postfieldsize=
  0.00      0.001     0.000     0.000     0.001       10   Ethon::Easy::Options#copypostfields=
  0.00      0.005     0.000     0.000     0.005        5   Ethon::Easy::Http::Get#setup
  0.00      2.143     0.000     0.000     2.143        5   Petstore::PetApi#add_pet
  0.00      0.000     0.000     0.000     0.000       20   <Module::Ethon::Curl>#free
  0.00      0.000     0.000     0.000     0.000        1   Petstore::Configuration#initialize
  0.00      2.141     0.000     0.000     2.141        5   Petstore::PetApi#delete_pet
  0.00      0.000     0.000     0.000     0.000       20   Kernel#Array
  0.00      0.000     0.000     0.000     0.000       45   Kernel#respond_to_missing?
  0.00      0.000     0.000     0.000     0.000        1   <Module::Ethon::Curl>#global_init
  0.00      0.000     0.000     0.000     0.000        5   <Class::Petstore::Pet>#swagger_types
  0.00      0.001     0.000     0.000     0.001        5   Petstore::ApiClient#object_to_hash
  0.00      0.000     0.000     0.000     0.000        2   Logger#initialize
  0.00      0.000     0.000     0.000     0.000       10   Ethon::Easy::Form#multipart?
  0.00      0.000     0.000     0.000     0.000        5   JSON::Ext::Generator::State#initialize_copy
  0.00      0.000     0.000     0.000     0.000        2   MonitorMixin#initialize
  0.00      3.220     0.000     0.000     3.220        5   Petstore::PetApi#update_pet_with_form
  0.00      0.000     0.000     0.000     0.000        5   <Class::Petstore::Tag>#swagger_types
  0.00      0.000     0.000     0.000     0.000        1   Petstore::ApiClient#initialize
  0.00      0.003     0.000     0.000     0.003        5   Kernel#tap
  0.00      0.000     0.000     0.000     0.000        5   JSON#parse
  0.00      0.000     0.000     0.000     0.000        5   Ethon::Easy::Options#customrequest=
  0.00      0.000     0.000     0.000     0.000        5   Ethon::Easy::Queryable#recursively_generate_pairs
  0.00      0.000     0.000     0.000     0.000        5   <Class::Petstore::Category>#swagger_types
  0.00      0.000     0.000     0.000     0.000        2   Logger::LogDevice#initialize
  0.00     10.998     0.000     0.000    10.998        1   Integer#times
  0.00      0.000     0.000     0.000     0.000        1   Petstore::Configuration#base_url
  0.00      0.000     0.000     0.000     0.000        2   MonitorMixin#mon_initialize
  0.00      0.000     0.000     0.000     0.000       35   String#===
  0.00      0.000     0.000     0.000     0.000        3   Kernel#proc
  0.00      0.000     0.000     0.000     0.000        5   Typhoeus::Response::Informations#response_body
  0.00      0.000     0.000     0.000     0.000       10   Kernel#===
  0.00      0.001     0.000     0.000     0.001        1   Ethon::Easy#initialize
  0.00      0.000     0.000     0.000     0.000        5   Ethon::Easy::Queryable#encode_hash_pairs
  0.00      0.000     0.000     0.000     0.000        5   String#encoding
  0.00      0.000     0.000     0.000     0.000        5   Array#first
  0.00      0.000     0.000     0.000     0.000        5   Hash#[]
  0.00      0.000     0.000     0.000     0.000        2   BasicObject#initialize
  0.00      0.000     0.000     0.000     0.000        1   Ethon::Loggable#default_logger
  0.00      0.000     0.000     0.000     0.000        2   Logger::Formatter#initialize
  0.00      0.000     0.000     0.000     0.000        1   <Module::Ethon::Curl>#init
  0.00      0.000     0.000     0.000     0.000        2   Mutex#initialize
  0.00      0.000     0.000     0.000     0.000        1   Ethon::Loggable#rails_logger
  0.00      0.000     0.000     0.000     0.000       10   BasicObject#==

* indicates recursively called methods
