[main] INFO  o.o.codegen.DefaultGenerator - OpenAPI Generator: kotlin (client)
[main] INFO  o.o.codegen.DefaultGenerator - Generator 'kotlin' is considered stable.
[main] INFO  o.o.c.l.AbstractKotlinCodegen - Environment variable KOTLIN_POST_PROCESS_FILE not defined so the Kotlin code may not be properly formatted. To define it, try 'export KOTLIN_POST_PROCESS_FILE="/usr/local/bin/ktlint -F"' (Linux/Mac)
[main] INFO  o.o.c.l.AbstractKotlinCodegen - NOTE: To enable file post-processing, 'enablePostProcessFile' must be set to `true` (--enable-post-process-file for CLI).
[main] INFO  o.o.codegen.AbstractGenerator - writing file /tmp/src/main/kotlin/org/openapitools/client/models/DirectUploadRequest.kt
[main] INFO  o.o.codegen.AbstractGenerator - writing file /tmp/docs/DirectUploadRequest.md
[main] INFO  o.o.codegen.AbstractGenerator - writing file /tmp/src/main/kotlin/org/openapitools/client/models/DirectUploadResponse.kt
[main] INFO  o.o.codegen.AbstractGenerator - writing file /tmp/docs/DirectUploadResponse.md
[main] INFO  o.o.codegen.AbstractGenerator - writing file /tmp/src/main/kotlin/org/openapitools/client/models/DocumentIdentificationInfo.kt
[main] INFO  o.o.codegen.AbstractGenerator - writing file /tmp/docs/DocumentIdentificationInfo.md
[main] INFO  o.o.codegen.AbstractGenerator - writing file /tmp/src/main/kotlin/org/openapitools/client/models/DocumentIdentificationInfoMetadata.kt
[main] INFO  o.o.codegen.AbstractGenerator - writing file /tmp/docs/DocumentIdentificationInfoMetadata.md
[main] INFO  o.o.codegen.AbstractGenerator - writing file /tmp/src/main/kotlin/org/openapitools/client/models/DocumentIdentificationResponse.kt
[main] INFO  o.o.codegen.AbstractGenerator - writing file /tmp/docs/DocumentIdentificationResponse.md
[main] INFO  o.o.codegen.AbstractGenerator - writing file /tmp/src/main/kotlin/org/openapitools/client/models/DocumentsIdentificationRequest.kt
[main] INFO  o.o.codegen.AbstractGenerator - writing file /tmp/docs/DocumentsIdentificationRequest.md
[main] INFO  o.o.codegen.DefaultGenerator - processOperation: resourcePath= /documents	;post class Operation {
    tags: [Documents]
    summary: null
    description: Ask for a document identification
    externalDocs: null
    operationId: documentIdentification
    parameters: null
    requestBody: class RequestBody {
        description: Document metadata
        content: class Content {
            {application/json=class MediaType {
                schema: class Schema {
                    type: null
                    format: null
                    $ref: #/components/schemas/DocumentsIdentificationRequest
                    description: null
                    title: null
                    multipleOf: null
                    maximum: null
                    exclusiveMaximum: null
                    minimum: null
                    exclusiveMinimum: null
                    maxLength: null
                    minLength: null
                    pattern: null
                    maxItems: null
                    minItems: null
                    uniqueItems: null
                    maxProperties: null
                    minProperties: null
                    required: null
                    not: null
                    properties: null
                    additionalProperties: null
                    nullable: null
                    readOnly: null
                    writeOnly: null
                    example: null
                    externalDocs: null
                    deprecated: null
                    discriminator: null
                    xml: null
                }
                examples: null
                example: null
                encoding: null
            }}
        }
        required: null
    }
    responses: class ApiResponses {
        {200=class ApiResponse {
            description: Success asking for document identification
            headers: null
            content: class Content {
                {application/json=class MediaType {
                    schema: class Schema {
                        type: null
                        format: null
                        $ref: #/components/schemas/DocumentIdentificationResponse
                        description: null
                        title: null
                        multipleOf: null
                        maximum: null
                        exclusiveMaximum: null
                        minimum: null
                        exclusiveMinimum: null
                        maxLength: null
                        minLength: null
                        pattern: null
                        maxItems: null
                        minItems: null
                        uniqueItems: null
                        maxProperties: null
                        minProperties: null
                        required: null
                        not: null
                        properties: null
                        additionalProperties: null
                        nullable: null
                        readOnly: null
                        writeOnly: null
                        example: null
                        externalDocs: null
                        deprecated: null
                        discriminator: null
                        xml: null
                    }
                    examples: null
                    example: null
                    encoding: null
                }}
            }
            links: null
            extensions: null
            $ref: null
        }}
        extensions: null
    }
    callbacks: null
    deprecated: null
    security: null
    servers: null
}

[main] INFO  o.o.codegen.DefaultGenerator - processOperation: resourcePath= /documents/direct_upload	;post class Operation {
    tags: [Documents]
    summary: null
    description: Request upload link
    externalDocs: null
    operationId: documentsDirectUpload
    parameters: null
    requestBody: class RequestBody {
        description: Size in bytes and checksum of the document
        content: class Content {
            {application/json=class MediaType {
                schema: class Schema {
                    type: null
                    format: null
                    $ref: #/components/schemas/DirectUploadRequest
                    description: null
                    title: null
                    multipleOf: null
                    maximum: null
                    exclusiveMaximum: null
                    minimum: null
                    exclusiveMinimum: null
                    maxLength: null
                    minLength: null
                    pattern: null
                    maxItems: null
                    minItems: null
                    uniqueItems: null
                    maxProperties: null
                    minProperties: null
                    required: null
                    not: null
                    properties: null
                    additionalProperties: null
                    nullable: null
                    readOnly: null
                    writeOnly: null
                    example: null
                    externalDocs: null
                    deprecated: null
                    discriminator: null
                    xml: null
                }
                examples: null
                example: null
                encoding: null
            }}
        }
        required: null
    }
    responses: class ApiResponses {
        {200=class ApiResponse {
            description: Url and uuid of document
            headers: null
            content: class Content {
                {application/json=class MediaType {
                    schema: class Schema {
                        type: null
                        format: null
                        $ref: #/components/schemas/DirectUploadResponse
                        description: null
                        title: null
                        multipleOf: null
                        maximum: null
                        exclusiveMaximum: null
                        minimum: null
                        exclusiveMinimum: null
                        maxLength: null
                        minLength: null
                        pattern: null
                        maxItems: null
                        minItems: null
                        uniqueItems: null
                        maxProperties: null
                        minProperties: null
                        required: null
                        not: null
                        properties: null
                        additionalProperties: null
                        nullable: null
                        readOnly: null
                        writeOnly: null
                        example: null
                        externalDocs: null
                        deprecated: null
                        discriminator: null
                        xml: null
                    }
                    examples: null
                    example: null
                    encoding: null
                }}
            }
            links: null
            extensions: null
            $ref: null
        }}
        extensions: null
    }
    callbacks: null
    deprecated: null
    security: null
    servers: null
}

[main] INFO  o.o.codegen.DefaultGenerator - processOperation: resourcePath= /documents/{uuid}	;get class Operation {
    tags: [Documents]
    summary: null
    description: Get document identification information
    externalDocs: null
    operationId: documentIdentificationInfo
    parameters: [class PathParameter {
        class Parameter {
            name: uuid
            in: null
            description: null
            required: null
            deprecated: null
            allowEmptyValue: null
            style: simple
            explode: false
            allowReserved: null
            schema: class UUIDSchema {
                class Schema {
                    type: string
                    format: uuid
                    $ref: null
                    description: null
                    title: null
                    multipleOf: null
                    maximum: null
                    exclusiveMaximum: null
                    minimum: null
                    exclusiveMinimum: null
                    maxLength: null
                    minLength: null
                    pattern: null
                    maxItems: null
                    minItems: null
                    uniqueItems: null
                    maxProperties: null
                    minProperties: null
                    required: null
                    not: null
                    properties: null
                    additionalProperties: null
                    nullable: null
                    readOnly: null
                    writeOnly: null
                    example: null
                    externalDocs: null
                    deprecated: null
                    discriminator: null
                    xml: null
                }
            }
            examples: null
            example: null
            content: null
            $ref: null
        }
        in: path
        required: true
    }]
    requestBody: null
    responses: class ApiResponses {
        {200=class ApiResponse {
            description: The identification information of the document
            headers: null
            content: class Content {
                {application/json=class MediaType {
                    schema: class Schema {
                        type: null
                        format: null
                        $ref: #/components/schemas/DocumentIdentificationInfo
                        description: null
                        title: null
                        multipleOf: null
                        maximum: null
                        exclusiveMaximum: null
                        minimum: null
                        exclusiveMinimum: null
                        maxLength: null
                        minLength: null
                        pattern: null
                        maxItems: null
                        minItems: null
                        uniqueItems: null
                        maxProperties: null
                        minProperties: null
                        required: null
                        not: null
                        properties: null
                        additionalProperties: null
                        nullable: null
                        readOnly: null
                        writeOnly: null
                        example: null
                        externalDocs: null
                        deprecated: null
                        discriminator: null
                        xml: null
                    }
                    examples: null
                    example: null
                    encoding: null
                }}
            }
            links: null
            extensions: null
            $ref: null
        }}
        extensions: null
    }
    callbacks: null
    deprecated: null
    security: null
    servers: null
}

[main] INFO  o.o.codegen.AbstractGenerator - writing file /tmp/src/main/kotlin/org/openapitools/client/apis/DocumentsApi.kt
[main] INFO  o.o.codegen.AbstractGenerator - writing file /tmp/docs/DocumentsApi.md
[main] INFO  o.o.codegen.DefaultGenerator - ############ Operation info ############
[ {
  "appVersion" : "1.0.0",
  "generatorClass" : "org.openapitools.codegen.languages.KotlinClientCodegen",
  "sortParamsByRequiredFlag" : true,
  "groupId" : "org.openapitools",
  "classVarName" : "documents",
  "generateModelDocs" : true,
  "hasImport" : true,
  "generateModelTests" : true,
  "strictSpecBehavior" : false,
  "generateApiTests" : true,
  "classFilename" : "DocumentsApi",
  "lambda" : {
    "lowercase" : { },
    "uppercase" : { },
    "titlecase" : { },
    "camelcase" : { },
    "indented" : { },
    "indented_8" : { },
    "indented_12" : { },
    "indented_16" : { }
  },
  "generateModels" : true,
  "inputSpec" : "../ocarina_kotlin_client/open_api_spec.yml",
  "baseName" : "Documents",
  "package" : "org.openapitools.client.apis",
  "imports" : [ {
    "import" : "org.openapitools.client.models.DirectUploadRequest",
    "classname" : "DirectUploadRequest"
  }, {
    "import" : "org.openapitools.client.models.DirectUploadResponse",
    "classname" : "DirectUploadResponse"
  }, {
    "import" : "org.openapitools.client.models.DocumentIdentificationInfo",
    "classname" : "DocumentIdentificationInfo"
  }, {
    "import" : "org.openapitools.client.models.DocumentIdentificationResponse",
    "classname" : "DocumentIdentificationResponse"
  }, {
    "import" : "org.openapitools.client.models.DocumentsIdentificationRequest",
    "classname" : "DocumentsIdentificationRequest"
  } ],
  "contextPath" : "",
  "appDescription" : "OptiCAl Recognition of IdeNtity pApers",
  "releaseNote" : "Minor update",
  "version" : "1.0.0",
  "modelDocPath" : "docs/",
  "importPath" : "org.openapitools.client.apis.Documents",
  "generatedYear" : "2019",
  "modelPackage" : "org.openapitools.client.models",
  "sourceFolder" : "src/main/kotlin",
  "parcelizeModels" : false,
  "apiDocPath" : "docs/",
  "hasModel" : true,
  "generateApis" : true,
  "basePathWithoutHost" : "",
  "operations" : {
    "classname" : "DocumentsApi",
    "operation" : [ {
      "responseHeaders" : [ ],
      "hasAuthMethods" : true,
      "hasConsumes" : true,
      "hasProduces" : true,
      "hasParams" : true,
      "hasOptionalParams" : true,
      "hasRequiredParams" : false,
      "returnTypeIsPrimitive" : false,
      "returnSimpleType" : true,
      "subresourceOperation" : false,
      "isMapContainer" : false,
      "isListContainer" : false,
      "isMultipart" : false,
      "hasMore" : true,
      "isResponseBinary" : false,
      "isResponseFile" : false,
      "hasReference" : true,
      "isRestfulIndex" : false,
      "isRestfulShow" : false,
      "isRestfulCreate" : false,
      "isRestfulUpdate" : false,
      "isRestfulDestroy" : false,
      "isRestful" : false,
      "isDeprecated" : false,
      "isCallbackRequest" : false,
      "path" : "/documents",
      "operationId" : "documentIdentification",
      "returnType" : "DocumentIdentificationResponse",
      "httpMethod" : "POST",
      "returnBaseType" : "DocumentIdentificationResponse",
      "unescapedNotes" : "Ask for a document identification",
      "notes" : "Ask for a document identification",
      "baseName" : "Documents",
      "consumes" : [ {
        "mediaType" : "application/json"
      } ],
      "produces" : [ {
        "mediaType" : "application/json"
      } ],
      "servers" : [ ],
      "bodyParam" : {
        "isFormParam" : false,
        "isQueryParam" : false,
        "isPathParam" : false,
        "isHeaderParam" : false,
        "isCookieParam" : false,
        "isBodyParam" : true,
        "hasMore" : false,
        "isContainer" : false,
        "secondaryParam" : false,
        "isCollectionFormatMulti" : false,
        "isPrimitiveType" : false,
        "isModel" : true,
        "baseName" : "DocumentsIdentificationRequest",
        "paramName" : "documentsIdentificationRequest",
        "dataType" : "DocumentsIdentificationRequest",
        "description" : "Document metadata",
        "baseType" : "DocumentsIdentificationRequest",
        "isString" : false,
        "isNumeric" : false,
        "isInteger" : false,
        "isLong" : false,
        "isNumber" : false,
        "isFloat" : false,
        "isDouble" : false,
        "isByteArray" : false,
        "isBinary" : false,
        "isBoolean" : false,
        "isDate" : false,
        "isDateTime" : false,
        "isUuid" : false,
        "isUri" : false,
        "isEmail" : false,
        "isFreeFormObject" : false,
        "isListContainer" : false,
        "isMapContainer" : false,
        "isFile" : false,
        "isEnum" : false,
        "vendorExtensions" : { },
        "hasValidation" : false,
        "isNullable" : false,
        "required" : false,
        "exclusiveMaximum" : false,
        "exclusiveMinimum" : false,
        "uniqueItems" : false
      },
      "allParams" : [ {
        "isFormParam" : false,
        "isQueryParam" : false,
        "isPathParam" : false,
        "isHeaderParam" : false,
        "isCookieParam" : false,
        "isBodyParam" : true,
        "hasMore" : false,
        "isContainer" : false,
        "secondaryParam" : false,
        "isCollectionFormatMulti" : false,
        "isPrimitiveType" : false,
        "isModel" : true,
        "baseName" : "DocumentsIdentificationRequest",
        "paramName" : "documentsIdentificationRequest",
        "dataType" : "DocumentsIdentificationRequest",
        "description" : "Document metadata",
        "baseType" : "DocumentsIdentificationRequest",
        "isString" : false,
        "isNumeric" : false,
        "isInteger" : false,
        "isLong" : false,
        "isNumber" : false,
        "isFloat" : false,
        "isDouble" : false,
        "isByteArray" : false,
        "isBinary" : false,
        "isBoolean" : false,
        "isDate" : false,
        "isDateTime" : false,
        "isUuid" : false,
        "isUri" : false,
        "isEmail" : false,
        "isFreeFormObject" : false,
        "isListContainer" : false,
        "isMapContainer" : false,
        "isFile" : false,
        "isEnum" : false,
        "vendorExtensions" : { },
        "hasValidation" : false,
        "isNullable" : false,
        "required" : false,
        "exclusiveMaximum" : false,
        "exclusiveMinimum" : false,
        "uniqueItems" : false
      } ],
      "bodyParams" : [ {
        "isFormParam" : false,
        "isQueryParam" : false,
        "isPathParam" : false,
        "isHeaderParam" : false,
        "isCookieParam" : false,
        "isBodyParam" : true,
        "hasMore" : false,
        "isContainer" : false,
        "secondaryParam" : false,
        "isCollectionFormatMulti" : false,
        "isPrimitiveType" : false,
        "isModel" : true,
        "baseName" : "DocumentsIdentificationRequest",
        "paramName" : "documentsIdentificationRequest",
        "dataType" : "DocumentsIdentificationRequest",
        "description" : "Document metadata",
        "baseType" : "DocumentsIdentificationRequest",
        "isString" : false,
        "isNumeric" : false,
        "isInteger" : false,
        "isLong" : false,
        "isNumber" : false,
        "isFloat" : false,
        "isDouble" : false,
        "isByteArray" : false,
        "isBinary" : false,
        "isBoolean" : false,
        "isDate" : false,
        "isDateTime" : false,
        "isUuid" : false,
        "isUri" : false,
        "isEmail" : false,
        "isFreeFormObject" : false,
        "isListContainer" : false,
        "isMapContainer" : false,
        "isFile" : false,
        "isEnum" : false,
        "vendorExtensions" : { },
        "hasValidation" : false,
        "isNullable" : false,
        "required" : false,
        "exclusiveMaximum" : false,
        "exclusiveMinimum" : false,
        "uniqueItems" : false
      } ],
      "pathParams" : [ ],
      "queryParams" : [ ],
      "headerParams" : [ ],
      "formParams" : [ ],
      "cookieParams" : [ ],
      "requiredParams" : [ ],
      "optionalParams" : [ {
        "isFormParam" : false,
        "isQueryParam" : false,
        "isPathParam" : false,
        "isHeaderParam" : false,
        "isCookieParam" : false,
        "isBodyParam" : true,
        "hasMore" : false,
        "isContainer" : false,
        "secondaryParam" : false,
        "isCollectionFormatMulti" : false,
        "isPrimitiveType" : false,
        "isModel" : true,
        "baseName" : "DocumentsIdentificationRequest",
        "paramName" : "documentsIdentificationRequest",
        "dataType" : "DocumentsIdentificationRequest",
        "description" : "Document metadata",
        "baseType" : "DocumentsIdentificationRequest",
        "isString" : false,
        "isNumeric" : false,
        "isInteger" : false,
        "isLong" : false,
        "isNumber" : false,
        "isFloat" : false,
        "isDouble" : false,
        "isByteArray" : false,
        "isBinary" : false,
        "isBoolean" : false,
        "isDate" : false,
        "isDateTime" : false,
        "isUuid" : false,
        "isUri" : false,
        "isEmail" : false,
        "isFreeFormObject" : false,
        "isListContainer" : false,
        "isMapContainer" : false,
        "isFile" : false,
        "isEnum" : false,
        "vendorExtensions" : { },
        "hasValidation" : false,
        "isNullable" : false,
        "required" : false,
        "exclusiveMaximum" : false,
        "exclusiveMinimum" : false,
        "uniqueItems" : false
      } ],
      "authMethods" : [ {
        "name" : "bearerAuth",
        "type" : "http",
        "scheme" : "bearer",
        "hasMore" : false,
        "isBasic" : true,
        "isOAuth" : false,
        "isApiKey" : false,
        "isBasicBasic" : false,
        "isBasicBearer" : true,
        "bearerFormat" : "uuid",
        "vendorExtensions" : { },
        "isKeyInQuery" : false,
        "isKeyInHeader" : false,
        "isKeyInCookie" : false,
        "isCode" : false,
        "isPassword" : false,
        "isApplication" : false,
        "isImplicit" : false
      } ],
      "tags" : [ {
        "name" : "Documents"
      } ],
      "responses" : [ {
        "headers" : [ ],
        "code" : "200",
        "message" : "Success asking for document identification",
        "hasMore" : false,
        "dataType" : "DocumentIdentificationResponse",
        "baseType" : "DocumentIdentificationResponse",
        "hasHeaders" : false,
        "isString" : false,
        "isNumeric" : false,
        "isInteger" : false,
        "isLong" : false,
        "isNumber" : false,
        "isFloat" : false,
        "isDouble" : false,
        "isByteArray" : false,
        "isBoolean" : false,
        "isDate" : false,
        "isDateTime" : false,
        "isUuid" : false,
        "isEmail" : false,
        "isModel" : true,
        "isFreeFormObject" : false,
        "isDefault" : true,
        "simpleType" : true,
        "primitiveType" : false,
        "isMapContainer" : false,
        "isListContainer" : false,
        "isBinary" : false,
        "isFile" : false,
        "schema" : {
          "$ref" : "#/components/schemas/DocumentIdentificationResponse"
        },
        "jsonSchema" : "{\n  \"description\" : \"Success asking for document identification\",\n  \"content\" : {\n    \"application/json\" : {\n      \"schema\" : {\n        \"$ref\" : \"#/components/schemas/DocumentIdentificationResponse\"\n      }\n    }\n  }\n}",
        "vendorExtensions" : { },
        "wildcard" : false
      } ],
      "callbacks" : [ ],
      "imports" : [ "DocumentIdentificationResponse", "DocumentsIdentificationRequest" ],
      "examples" : [ {
        "contentType" : "application/json",
        "example" : "{\n  \"result\" : \"result\",\n  \"id\" : 0,\n  \"category\" : \"category\"\n}",
        "statusCode" : "200"
      } ],
      "requestBodyExamples" : [ {
        "contentType" : "application/json",
        "example" : "{\n  \"filename\" : \"filename\",\n  \"content_type\" : \"content_type\",\n  \"uuid\" : \"046b6c7f-0b8a-43b9-b35d-6489e6daee91\"\n}"
      } ],
      "vendorExtensions" : { },
      "nickname" : "documentIdentification",
      "operationIdOriginal" : "documentIdentification",
      "operationIdLowerCase" : "documentidentification",
      "operationIdCamelCase" : "DocumentIdentification",
      "operationIdSnakeCase" : "document_identification",
      "restfulShow" : false,
      "restfulIndex" : false,
      "restfulCreate" : true,
      "restfulUpdate" : false,
      "restfulDestroy" : false,
      "restful" : true,
      "hasExamples" : true,
      "hasBodyParam" : true,
      "hasQueryParams" : false,
      "hasHeaderParams" : false,
      "hasPathParams" : false,
      "hasFormParams" : false,
      "hasCookieParams" : false,
      "hasResponseHeaders" : false,
      "bodyAllowed" : true
    }, {
      "responseHeaders" : [ ],
      "hasAuthMethods" : true,
      "hasConsumes" : false,
      "hasProduces" : true,
      "hasParams" : true,
      "hasOptionalParams" : false,
      "hasRequiredParams" : true,
      "returnTypeIsPrimitive" : false,
      "returnSimpleType" : true,
      "subresourceOperation" : false,
      "isMapContainer" : false,
      "isListContainer" : false,
      "isMultipart" : false,
      "hasMore" : true,
      "isResponseBinary" : false,
      "isResponseFile" : false,
      "hasReference" : true,
      "isRestfulIndex" : false,
      "isRestfulShow" : false,
      "isRestfulCreate" : false,
      "isRestfulUpdate" : false,
      "isRestfulDestroy" : false,
      "isRestful" : false,
      "isDeprecated" : false,
      "isCallbackRequest" : false,
      "path" : "/documents/{uuid}",
      "operationId" : "documentIdentificationInfo",
      "returnType" : "DocumentIdentificationInfo",
      "httpMethod" : "GET",
      "returnBaseType" : "DocumentIdentificationInfo",
      "unescapedNotes" : "Get document identification information",
      "notes" : "Get document identification information",
      "baseName" : "Documents",
      "produces" : [ {
        "mediaType" : "application/json"
      } ],
      "servers" : [ ],
      "allParams" : [ {
        "isFormParam" : false,
        "isQueryParam" : false,
        "isPathParam" : true,
        "isHeaderParam" : false,
        "isCookieParam" : false,
        "isBodyParam" : false,
        "hasMore" : false,
        "isContainer" : false,
        "secondaryParam" : false,
        "isCollectionFormatMulti" : false,
        "isPrimitiveType" : false,
        "isModel" : true,
        "baseName" : "uuid",
        "paramName" : "uuid",
        "dataType" : "java.util.UUID",
        "dataFormat" : "uuid",
        "example" : "38400000-8cf0-11bd-b23e-10b96e4ef00d",
        "jsonSchema" : "{\n  \"name\" : \"uuid\",\n  \"in\" : \"path\",\n  \"required\" : true,\n  \"style\" : \"simple\",\n  \"explode\" : false,\n  \"schema\" : {\n    \"type\" : \"string\",\n    \"format\" : \"uuid\"\n  }\n}",
        "isString" : false,
        "isNumeric" : false,
        "isInteger" : false,
        "isLong" : false,
        "isNumber" : false,
        "isFloat" : false,
        "isDouble" : false,
        "isByteArray" : false,
        "isBinary" : false,
        "isBoolean" : false,
        "isDate" : false,
        "isDateTime" : false,
        "isUuid" : true,
        "isUri" : false,
        "isEmail" : false,
        "isFreeFormObject" : false,
        "isListContainer" : false,
        "isMapContainer" : false,
        "isFile" : false,
        "isEnum" : false,
        "vendorExtensions" : { },
        "hasValidation" : false,
        "isNullable" : false,
        "required" : true,
        "exclusiveMaximum" : false,
        "exclusiveMinimum" : false,
        "uniqueItems" : false
      } ],
      "bodyParams" : [ ],
      "pathParams" : [ {
        "isFormParam" : false,
        "isQueryParam" : false,
        "isPathParam" : true,
        "isHeaderParam" : false,
        "isCookieParam" : false,
        "isBodyParam" : false,
        "hasMore" : false,
        "isContainer" : false,
        "secondaryParam" : false,
        "isCollectionFormatMulti" : false,
        "isPrimitiveType" : false,
        "isModel" : true,
        "baseName" : "uuid",
        "paramName" : "uuid",
        "dataType" : "java.util.UUID",
        "dataFormat" : "uuid",
        "example" : "38400000-8cf0-11bd-b23e-10b96e4ef00d",
        "jsonSchema" : "{\n  \"name\" : \"uuid\",\n  \"in\" : \"path\",\n  \"required\" : true,\n  \"style\" : \"simple\",\n  \"explode\" : false,\n  \"schema\" : {\n    \"type\" : \"string\",\n    \"format\" : \"uuid\"\n  }\n}",
        "isString" : false,
        "isNumeric" : false,
        "isInteger" : false,
        "isLong" : false,
        "isNumber" : false,
        "isFloat" : false,
        "isDouble" : false,
        "isByteArray" : false,
        "isBinary" : false,
        "isBoolean" : false,
        "isDate" : false,
        "isDateTime" : false,
        "isUuid" : true,
        "isUri" : false,
        "isEmail" : false,
        "isFreeFormObject" : false,
        "isListContainer" : false,
        "isMapContainer" : false,
        "isFile" : false,
        "isEnum" : false,
        "vendorExtensions" : { },
        "hasValidation" : false,
        "isNullable" : false,
        "required" : true,
        "exclusiveMaximum" : false,
        "exclusiveMinimum" : false,
        "uniqueItems" : false
      } ],
      "queryParams" : [ ],
      "headerParams" : [ ],
      "formParams" : [ ],
      "cookieParams" : [ ],
      "requiredParams" : [ {
        "isFormParam" : false,
        "isQueryParam" : false,
        "isPathParam" : true,
        "isHeaderParam" : false,
        "isCookieParam" : false,
        "isBodyParam" : false,
        "hasMore" : false,
        "isContainer" : false,
        "secondaryParam" : false,
        "isCollectionFormatMulti" : false,
        "isPrimitiveType" : false,
        "isModel" : true,
        "baseName" : "uuid",
        "paramName" : "uuid",
        "dataType" : "java.util.UUID",
        "dataFormat" : "uuid",
        "example" : "38400000-8cf0-11bd-b23e-10b96e4ef00d",
        "jsonSchema" : "{\n  \"name\" : \"uuid\",\n  \"in\" : \"path\",\n  \"required\" : true,\n  \"style\" : \"simple\",\n  \"explode\" : false,\n  \"schema\" : {\n    \"type\" : \"string\",\n    \"format\" : \"uuid\"\n  }\n}",
        "isString" : false,
        "isNumeric" : false,
        "isInteger" : false,
        "isLong" : false,
        "isNumber" : false,
        "isFloat" : false,
        "isDouble" : false,
        "isByteArray" : false,
        "isBinary" : false,
        "isBoolean" : false,
        "isDate" : false,
        "isDateTime" : false,
        "isUuid" : true,
        "isUri" : false,
        "isEmail" : false,
        "isFreeFormObject" : false,
        "isListContainer" : false,
        "isMapContainer" : false,
        "isFile" : false,
        "isEnum" : false,
        "vendorExtensions" : { },
        "hasValidation" : false,
        "isNullable" : false,
        "required" : true,
        "exclusiveMaximum" : false,
        "exclusiveMinimum" : false,
        "uniqueItems" : false
      } ],
      "optionalParams" : [ ],
      "authMethods" : [ {
        "name" : "bearerAuth",
        "type" : "http",
        "scheme" : "bearer",
        "hasMore" : false,
        "isBasic" : true,
        "isOAuth" : false,
        "isApiKey" : false,
        "isBasicBasic" : false,
        "isBasicBearer" : true,
        "bearerFormat" : "uuid",
        "vendorExtensions" : { },
        "isKeyInQuery" : false,
        "isKeyInHeader" : false,
        "isKeyInCookie" : false,
        "isCode" : false,
        "isPassword" : false,
        "isApplication" : false,
        "isImplicit" : false
      } ],
      "tags" : [ {
        "name" : "Documents"
      } ],
      "responses" : [ {
        "headers" : [ ],
        "code" : "200",
        "message" : "The identification information of the document",
        "hasMore" : false,
        "dataType" : "DocumentIdentificationInfo",
        "baseType" : "DocumentIdentificationInfo",
        "hasHeaders" : false,
        "isString" : false,
        "isNumeric" : false,
        "isInteger" : false,
        "isLong" : false,
        "isNumber" : false,
        "isFloat" : false,
        "isDouble" : false,
        "isByteArray" : false,
        "isBoolean" : false,
        "isDate" : false,
        "isDateTime" : false,
        "isUuid" : false,
        "isEmail" : false,
        "isModel" : true,
        "isFreeFormObject" : false,
        "isDefault" : true,
        "simpleType" : true,
        "primitiveType" : false,
        "isMapContainer" : false,
        "isListContainer" : false,
        "isBinary" : false,
        "isFile" : false,
        "schema" : {
          "$ref" : "#/components/schemas/DocumentIdentificationInfo"
        },
        "jsonSchema" : "{\n  \"description\" : \"The identification information of the document\",\n  \"content\" : {\n    \"application/json\" : {\n      \"schema\" : {\n        \"$ref\" : \"#/components/schemas/DocumentIdentificationInfo\"\n      }\n    }\n  }\n}",
        "vendorExtensions" : { },
        "wildcard" : false
      } ],
      "callbacks" : [ ],
      "imports" : [ "DocumentIdentificationInfo" ],
      "examples" : [ {
        "contentType" : "application/json",
        "example" : "{\n  \"score\" : 0.8008281904610115,\n  \"metadata\" : {\n    \"delivered_by\" : \"delivered_by\",\n    \"address\" : \"address\",\n    \"gender\" : \"gender\",\n    \"birth_date\" : \"2000-01-23\",\n    \"last_name\" : \"last_name\",\n    \"birth_place\" : \"birth_place\",\n    \"serial_number\" : \"serial_number\",\n    \"valid_until\" : \"2000-01-23\",\n    \"middle_names\" : \"middle_names\",\n    \"id_type\" : \"passport\",\n    \"first_name\" : \"first_name\",\n    \"eyes_color\" : \"eyes_color\",\n    \"height\" : 6,\n    \"delivered_date\" : \"2000-01-23\"\n  },\n  \"uuid\" : \"046b6c7f-0b8a-43b9-b35d-6489e6daee91\",\n  \"status\" : \"pending\"\n}",
        "statusCode" : "200"
      } ],
      "vendorExtensions" : { },
      "nickname" : "documentIdentificationInfo",
      "operationIdOriginal" : "documentIdentificationInfo",
      "operationIdLowerCase" : "documentidentificationinfo",
      "operationIdCamelCase" : "DocumentIdentificationInfo",
      "operationIdSnakeCase" : "document_identification_info",
      "restfulShow" : true,
      "restfulIndex" : false,
      "restfulCreate" : false,
      "restfulUpdate" : false,
      "restfulDestroy" : false,
      "restful" : true,
      "hasExamples" : true,
      "hasBodyParam" : false,
      "hasQueryParams" : false,
      "hasHeaderParams" : false,
      "hasPathParams" : true,
      "hasFormParams" : false,
      "hasCookieParams" : false,
      "hasResponseHeaders" : false,
      "bodyAllowed" : false
    }, {
      "responseHeaders" : [ ],
      "hasAuthMethods" : true,
      "hasConsumes" : true,
      "hasProduces" : true,
      "hasParams" : true,
      "hasOptionalParams" : true,
      "hasRequiredParams" : false,
      "returnTypeIsPrimitive" : false,
      "returnSimpleType" : true,
      "subresourceOperation" : false,
      "isMapContainer" : false,
      "isListContainer" : false,
      "isMultipart" : false,
      "hasMore" : false,
      "isResponseBinary" : false,
      "isResponseFile" : false,
      "hasReference" : true,
      "isRestfulIndex" : false,
      "isRestfulShow" : false,
      "isRestfulCreate" : false,
      "isRestfulUpdate" : false,
      "isRestfulDestroy" : false,
      "isRestful" : false,
      "isDeprecated" : false,
      "isCallbackRequest" : false,
      "path" : "/documents/direct_upload",
      "operationId" : "documentsDirectUpload",
      "returnType" : "DirectUploadResponse",
      "httpMethod" : "POST",
      "returnBaseType" : "DirectUploadResponse",
      "unescapedNotes" : "Request upload link",
      "notes" : "Request upload link",
      "baseName" : "Documents",
      "consumes" : [ {
        "mediaType" : "application/json"
      } ],
      "produces" : [ {
        "mediaType" : "application/json"
      } ],
      "servers" : [ ],
      "bodyParam" : {
        "isFormParam" : false,
        "isQueryParam" : false,
        "isPathParam" : false,
        "isHeaderParam" : false,
        "isCookieParam" : false,
        "isBodyParam" : true,
        "hasMore" : false,
        "isContainer" : false,
        "secondaryParam" : false,
        "isCollectionFormatMulti" : false,
        "isPrimitiveType" : false,
        "isModel" : true,
        "baseName" : "DirectUploadRequest",
        "paramName" : "directUploadRequest",
        "dataType" : "DirectUploadRequest",
        "description" : "Size in bytes and checksum of the document",
        "baseType" : "DirectUploadRequest",
        "isString" : false,
        "isNumeric" : false,
        "isInteger" : false,
        "isLong" : false,
        "isNumber" : false,
        "isFloat" : false,
        "isDouble" : false,
        "isByteArray" : false,
        "isBinary" : false,
        "isBoolean" : false,
        "isDate" : false,
        "isDateTime" : false,
        "isUuid" : false,
        "isUri" : false,
        "isEmail" : false,
        "isFreeFormObject" : false,
        "isListContainer" : false,
        "isMapContainer" : false,
        "isFile" : false,
        "isEnum" : false,
        "vendorExtensions" : { },
        "hasValidation" : false,
        "isNullable" : false,
        "required" : false,
        "exclusiveMaximum" : false,
        "exclusiveMinimum" : false,
        "uniqueItems" : false
      },
      "allParams" : [ {
        "isFormParam" : false,
        "isQueryParam" : false,
        "isPathParam" : false,
        "isHeaderParam" : false,
        "isCookieParam" : false,
        "isBodyParam" : true,
        "hasMore" : false,
        "isContainer" : false,
        "secondaryParam" : false,
        "isCollectionFormatMulti" : false,
        "isPrimitiveType" : false,
        "isModel" : true,
        "baseName" : "DirectUploadRequest",
        "paramName" : "directUploadRequest",
        "dataType" : "DirectUploadRequest",
        "description" : "Size in bytes and checksum of the document",
        "baseType" : "DirectUploadRequest",
        "isString" : false,
        "isNumeric" : false,
        "isInteger" : false,
        "isLong" : false,
        "isNumber" : false,
        "isFloat" : false,
        "isDouble" : false,
        "isByteArray" : false,
        "isBinary" : false,
        "isBoolean" : false,
        "isDate" : false,
        "isDateTime" : false,
        "isUuid" : false,
        "isUri" : false,
        "isEmail" : false,
        "isFreeFormObject" : false,
        "isListContainer" : false,
        "isMapContainer" : false,
        "isFile" : false,
        "isEnum" : false,
        "vendorExtensions" : { },
        "hasValidation" : false,
        "isNullable" : false,
        "required" : false,
        "exclusiveMaximum" : false,
        "exclusiveMinimum" : false,
        "uniqueItems" : false
      } ],
      "bodyParams" : [ {
        "isFormParam" : false,
        "isQueryParam" : false,
        "isPathParam" : false,
        "isHeaderParam" : false,
        "isCookieParam" : false,
        "isBodyParam" : true,
        "hasMore" : false,
        "isContainer" : false,
        "secondaryParam" : false,
        "isCollectionFormatMulti" : false,
        "isPrimitiveType" : false,
        "isModel" : true,
        "baseName" : "DirectUploadRequest",
        "paramName" : "directUploadRequest",
        "dataType" : "DirectUploadRequest",
        "description" : "Size in bytes and checksum of the document",
        "baseType" : "DirectUploadRequest",
        "isString" : false,
        "isNumeric" : false,
        "isInteger" : false,
        "isLong" : false,
        "isNumber" : false,
        "isFloat" : false,
        "isDouble" : false,
        "isByteArray" : false,
        "isBinary" : false,
        "isBoolean" : false,
        "isDate" : false,
        "isDateTime" : false,
        "isUuid" : false,
        "isUri" : false,
        "isEmail" : false,
        "isFreeFormObject" : false,
        "isListContainer" : false,
        "isMapContainer" : false,
        "isFile" : false,
        "isEnum" : false,
        "vendorExtensions" : { },
        "hasValidation" : false,
        "isNullable" : false,
        "required" : false,
        "exclusiveMaximum" : false,
        "exclusiveMinimum" : false,
        "uniqueItems" : false
      } ],
      "pathParams" : [ ],
      "queryParams" : [ ],
      "headerParams" : [ ],
      "formParams" : [ ],
      "cookieParams" : [ ],
      "requiredParams" : [ ],
      "optionalParams" : [ {
        "isFormParam" : false,
        "isQueryParam" : false,
        "isPathParam" : false,
        "isHeaderParam" : false,
        "isCookieParam" : false,
        "isBodyParam" : true,
        "hasMore" : false,
        "isContainer" : false,
        "secondaryParam" : false,
        "isCollectionFormatMulti" : false,
        "isPrimitiveType" : false,
        "isModel" : true,
        "baseName" : "DirectUploadRequest",
        "paramName" : "directUploadRequest",
        "dataType" : "DirectUploadRequest",
        "description" : "Size in bytes and checksum of the document",
        "baseType" : "DirectUploadRequest",
        "isString" : false,
        "isNumeric" : false,
        "isInteger" : false,
        "isLong" : false,
        "isNumber" : false,
        "isFloat" : false,
        "isDouble" : false,
        "isByteArray" : false,
        "isBinary" : false,
        "isBoolean" : false,
        "isDate" : false,
        "isDateTime" : false,
        "isUuid" : false,
        "isUri" : false,
        "isEmail" : false,
        "isFreeFormObject" : false,
        "isListContainer" : false,
        "isMapContainer" : false,
        "isFile" : false,
        "isEnum" : false,
        "vendorExtensions" : { },
        "hasValidation" : false,
        "isNullable" : false,
        "required" : false,
        "exclusiveMaximum" : false,
        "exclusiveMinimum" : false,
        "uniqueItems" : false
      } ],
      "authMethods" : [ {
        "name" : "bearerAuth",
        "type" : "http",
        "scheme" : "bearer",
        "hasMore" : false,
        "isBasic" : true,
        "isOAuth" : false,
        "isApiKey" : false,
        "isBasicBasic" : false,
        "isBasicBearer" : true,
        "bearerFormat" : "uuid",
        "vendorExtensions" : { },
        "isKeyInQuery" : false,
        "isKeyInHeader" : false,
        "isKeyInCookie" : false,
        "isCode" : false,
        "isPassword" : false,
        "isApplication" : false,
        "isImplicit" : false
      } ],
      "tags" : [ {
        "name" : "Documents"
      } ],
      "responses" : [ {
        "headers" : [ ],
        "code" : "200",
        "message" : "Url and uuid of document",
        "hasMore" : false,
        "dataType" : "DirectUploadResponse",
        "baseType" : "DirectUploadResponse",
        "hasHeaders" : false,
        "isString" : false,
        "isNumeric" : false,
        "isInteger" : false,
        "isLong" : false,
        "isNumber" : false,
        "isFloat" : false,
        "isDouble" : false,
        "isByteArray" : false,
        "isBoolean" : false,
        "isDate" : false,
        "isDateTime" : false,
        "isUuid" : false,
        "isEmail" : false,
        "isModel" : true,
        "isFreeFormObject" : false,
        "isDefault" : true,
        "simpleType" : true,
        "primitiveType" : false,
        "isMapContainer" : false,
        "isListContainer" : false,
        "isBinary" : false,
        "isFile" : false,
        "schema" : {
          "$ref" : "#/components/schemas/DirectUploadResponse"
        },
        "jsonSchema" : "{\n  \"description\" : \"Url and uuid of document\",\n  \"content\" : {\n    \"application/json\" : {\n      \"schema\" : {\n        \"$ref\" : \"#/components/schemas/DirectUploadResponse\"\n      }\n    }\n  }\n}",
        "vendorExtensions" : { },
        "wildcard" : false
      } ],
      "callbacks" : [ ],
      "imports" : [ "DirectUploadResponse", "DirectUploadRequest" ],
      "examples" : [ {
        "contentType" : "application/json",
        "example" : "{\n  \"uuid\" : \"046b6c7f-0b8a-43b9-b35d-6489e6daee91\",\n  \"url\" : \"url\"\n}",
        "statusCode" : "200"
      } ],
      "requestBodyExamples" : [ {
        "contentType" : "application/json",
        "example" : "{\n  \"size\" : 0,\n  \"content_md5\" : \"content_md5\"\n}"
      } ],
      "vendorExtensions" : { },
      "nickname" : "documentsDirectUpload",
      "operationIdOriginal" : "documentsDirectUpload",
      "operationIdLowerCase" : "documentsdirectupload",
      "operationIdCamelCase" : "DocumentsDirectUpload",
      "operationIdSnakeCase" : "documents_direct_upload",
      "restfulShow" : false,
      "restfulIndex" : false,
      "restfulCreate" : false,
      "restfulUpdate" : false,
      "restfulDestroy" : false,
      "restful" : false,
      "hasExamples" : true,
      "hasBodyParam" : true,
      "hasQueryParams" : false,
      "hasHeaderParams" : false,
      "hasPathParams" : false,
      "hasFormParams" : false,
      "hasCookieParams" : false,
      "hasResponseHeaders" : false,
      "bodyAllowed" : true
    } ],
    "pathPrefix" : "documents"
  },
  "java8" : true,
  "artifactId" : "kotlin-client",
  "packageName" : "org.openapitools.client",
  "hideGenerationTimestamp" : true,
  "unescapedAppDescription" : "OptiCAl Recognition of IdeNtity pApers",
  "artifactVersion" : "1.0.0",
  "appName" : "Ocarina API",
  "generateApiDocs" : true,
  "generatorVersion" : "4.1.0-SNAPSHOT",
  "apiPackage" : "org.openapitools.client.apis",
  "basePath" : "https://api-hyrule.cashbee.io",
  "classname" : "DocumentsApi",
  "gitRepoId" : "GIT_REPO_ID",
  "generatedDate" : "2019-07-27T23:21:49.711+02:00[Europe/Paris]",
  "appDescriptionWithNewLines" : "OptiCAl Recognition of IdeNtity pApers",
  "gitUserId" : "GIT_USER_ID"
} ]
[main] INFO  o.o.codegen.AbstractGenerator - writing file /tmp/README.md
[main] INFO  o.o.codegen.AbstractGenerator - writing file /tmp/build.gradle
[main] INFO  o.o.codegen.AbstractGenerator - writing file /tmp/settings.gradle
[main] INFO  o.o.codegen.AbstractGenerator - writing file /tmp/src/main/kotlin/org/openapitools/client/infrastructure/ApiClient.kt
[main] INFO  o.o.codegen.AbstractGenerator - writing file /tmp/src/main/kotlin/org/openapitools/client/infrastructure/ApiAbstractions.kt
[main] INFO  o.o.codegen.AbstractGenerator - writing file /tmp/src/main/kotlin/org/openapitools/client/infrastructure/ApiInfrastructureResponse.kt
[main] INFO  o.o.codegen.AbstractGenerator - writing file /tmp/src/main/kotlin/org/openapitools/client/infrastructure/ApplicationDelegates.kt
[main] INFO  o.o.codegen.AbstractGenerator - writing file /tmp/src/main/kotlin/org/openapitools/client/infrastructure/RequestConfig.kt
[main] INFO  o.o.codegen.AbstractGenerator - writing file /tmp/src/main/kotlin/org/openapitools/client/infrastructure/RequestMethod.kt
[main] INFO  o.o.codegen.AbstractGenerator - writing file /tmp/src/main/kotlin/org/openapitools/client/infrastructure/ResponseExtensions.kt
[main] INFO  o.o.codegen.AbstractGenerator - writing file /tmp/src/main/kotlin/org/openapitools/client/infrastructure/Serializer.kt
[main] INFO  o.o.codegen.AbstractGenerator - writing file /tmp/src/main/kotlin/org/openapitools/client/infrastructure/Errors.kt
[main] INFO  o.o.codegen.AbstractGenerator - writing file /tmp/src/main/kotlin/org/openapitools/client/infrastructure/ByteArrayAdapter.kt
[main] INFO  o.o.codegen.AbstractGenerator - writing file /tmp/src/main/kotlin/org/openapitools/client/infrastructure/LocalDateAdapter.kt
[main] INFO  o.o.codegen.AbstractGenerator - writing file /tmp/src/main/kotlin/org/openapitools/client/infrastructure/LocalDateTimeAdapter.kt
[main] INFO  o.o.codegen.AbstractGenerator - writing file /tmp/src/main/kotlin/org/openapitools/client/infrastructure/UUIDAdapter.kt
[main] INFO  o.o.codegen.AbstractGenerator - writing file /tmp/.openapi-generator/VERSION
