0: NEW PETAPI => 0.050940
0: ADD PET => 0.901768
0: GET PET => 0.368627
0: UPDATE PET => 0.366801
0: DELETE PET => 0.368657
1: NEW PETAPI => 0.000020
1: ADD PET => 0.365229
1: GET PET => 0.366909
1: UPDATE PET => 0.366458
1: DELETE PET => 0.365904
2: NEW PETAPI => 0.000018
2: ADD PET => 0.367664
2: GET PET => 0.364671
2: UPDATE PET => 0.365267
2: DELETE PET => 0.366162
3: NEW PETAPI => 0.000018
3: ADD PET => 0.364907
3: GET PET => 0.364156
3: UPDATE PET => 0.366996
3: DELETE PET => 0.366705
4: NEW PETAPI => 0.000018
4: ADD PET => 0.370373
4: GET PET => 0.365455
4: UPDATE PET => 0.365915
4: DELETE PET => 0.368835
5: NEW PETAPI => 0.000017
5: ADD PET => 0.367148
5: GET PET => 0.368994
5: UPDATE PET => 0.368870
5: DELETE PET => 0.367270
6: FINISH
