action: GLOB, msg: packaging
cwd: /Users/justinblack/programming/openapi-generator/samples/openapi3/client/petstore/python-experimental
cmd: /Library/Frameworks/Python.framework/Versions/2.7/Resources/Python.app/Contents/MacOS/Python setup.py sdist --formats=zip --dist-dir /Users/justinblack/programming/openapi-generator/samples/openapi3/client/petstore/python-experimental/.tox/dist
running sdist
running egg_info
writing requirements to petstore_api.egg-info/requires.txt
writing petstore_api.egg-info/PKG-INFO
writing top-level names to petstore_api.egg-info/top_level.txt
writing dependency_links to petstore_api.egg-info/dependency_links.txt
reading manifest file 'petstore_api.egg-info/SOURCES.txt'
writing manifest file 'petstore_api.egg-info/SOURCES.txt'
running check
warning: check: missing required meta-data: url

creating petstore-api-1.0.0
creating petstore-api-1.0.0/petstore_api
creating petstore-api-1.0.0/petstore_api.egg-info
creating petstore-api-1.0.0/petstore_api/api
creating petstore-api-1.0.0/petstore_api/apis
creating petstore-api-1.0.0/petstore_api/model
creating petstore-api-1.0.0/petstore_api/models
creating petstore-api-1.0.0/test
creating petstore-api-1.0.0/tests_manual
copying files to petstore-api-1.0.0...
copying README.md -> petstore-api-1.0.0
copying setup.cfg -> petstore-api-1.0.0
copying setup.py -> petstore-api-1.0.0
copying petstore_api/__init__.py -> petstore-api-1.0.0/petstore_api
copying petstore_api/api_client.py -> petstore-api-1.0.0/petstore_api
copying petstore_api/configuration.py -> petstore-api-1.0.0/petstore_api
copying petstore_api/enums.py -> petstore-api-1.0.0/petstore_api
copying petstore_api/exceptions.py -> petstore-api-1.0.0/petstore_api
copying petstore_api/model_utils.py -> petstore-api-1.0.0/petstore_api
copying petstore_api/rest.py -> petstore-api-1.0.0/petstore_api
copying petstore_api/signing.py -> petstore-api-1.0.0/petstore_api
copying petstore_api.egg-info/PKG-INFO -> petstore-api-1.0.0/petstore_api.egg-info
copying petstore_api.egg-info/SOURCES.txt -> petstore-api-1.0.0/petstore_api.egg-info
copying petstore_api.egg-info/dependency_links.txt -> petstore-api-1.0.0/petstore_api.egg-info
copying petstore_api.egg-info/requires.txt -> petstore-api-1.0.0/petstore_api.egg-info
copying petstore_api.egg-info/top_level.txt -> petstore-api-1.0.0/petstore_api.egg-info
copying petstore_api/api/__init__.py -> petstore-api-1.0.0/petstore_api/api
copying petstore_api/api/another_fake_api.py -> petstore-api-1.0.0/petstore_api/api
copying petstore_api/api/default_api.py -> petstore-api-1.0.0/petstore_api/api
copying petstore_api/api/fake_api.py -> petstore-api-1.0.0/petstore_api/api
copying petstore_api/api/fake_classname_tags_123_api.py -> petstore-api-1.0.0/petstore_api/api
copying petstore_api/api/pet_api.py -> petstore-api-1.0.0/petstore_api/api
copying petstore_api/api/store_api.py -> petstore-api-1.0.0/petstore_api/api
copying petstore_api/api/user_api.py -> petstore-api-1.0.0/petstore_api/api
copying petstore_api/apis/__init__.py -> petstore-api-1.0.0/petstore_api/apis
copying petstore_api/model/__init__.py -> petstore-api-1.0.0/petstore_api/model
copying petstore_api/model/additional_properties_class.py -> petstore-api-1.0.0/petstore_api/model
copying petstore_api/model/additional_properties_with_array_of_enums.py -> petstore-api-1.0.0/petstore_api/model
copying petstore_api/model/address.py -> petstore-api-1.0.0/petstore_api/model
copying petstore_api/model/animal.py -> petstore-api-1.0.0/petstore_api/model
copying petstore_api/model/animal_farm.py -> petstore-api-1.0.0/petstore_api/model
copying petstore_api/model/api_response.py -> petstore-api-1.0.0/petstore_api/model
copying petstore_api/model/apple.py -> petstore-api-1.0.0/petstore_api/model
copying petstore_api/model/apple_req.py -> petstore-api-1.0.0/petstore_api/model
copying petstore_api/model/array_holding_any_type.py -> petstore-api-1.0.0/petstore_api/model
copying petstore_api/model/array_of_array_of_number_only.py -> petstore-api-1.0.0/petstore_api/model
copying petstore_api/model/array_of_enums.py -> petstore-api-1.0.0/petstore_api/model
copying petstore_api/model/array_of_number_only.py -> petstore-api-1.0.0/petstore_api/model
copying petstore_api/model/array_test.py -> petstore-api-1.0.0/petstore_api/model
copying petstore_api/model/array_with_validations_in_items.py -> petstore-api-1.0.0/petstore_api/model
copying petstore_api/model/banana.py -> petstore-api-1.0.0/petstore_api/model
copying petstore_api/model/banana_req.py -> petstore-api-1.0.0/petstore_api/model
copying petstore_api/model/basque_pig.py -> petstore-api-1.0.0/petstore_api/model
copying petstore_api/model/capitalization.py -> petstore-api-1.0.0/petstore_api/model
copying petstore_api/model/cat.py -> petstore-api-1.0.0/petstore_api/model
copying petstore_api/model/cat_all_of.py -> petstore-api-1.0.0/petstore_api/model
copying petstore_api/model/category.py -> petstore-api-1.0.0/petstore_api/model
copying petstore_api/model/child_cat.py -> petstore-api-1.0.0/petstore_api/model
copying petstore_api/model/child_cat_all_of.py -> petstore-api-1.0.0/petstore_api/model
copying petstore_api/model/class_model.py -> petstore-api-1.0.0/petstore_api/model
copying petstore_api/model/client.py -> petstore-api-1.0.0/petstore_api/model
copying petstore_api/model/complex_quadrilateral.py -> petstore-api-1.0.0/petstore_api/model
copying petstore_api/model/complex_quadrilateral_all_of.py -> petstore-api-1.0.0/petstore_api/model
copying petstore_api/model/composed_any_of_different_types_no_validations.py -> petstore-api-1.0.0/petstore_api/model
copying petstore_api/model/composed_one_of_different_types.py -> petstore-api-1.0.0/petstore_api/model
copying petstore_api/model/danish_pig.py -> petstore-api-1.0.0/petstore_api/model
copying petstore_api/model/date_time_with_validations.py -> petstore-api-1.0.0/petstore_api/model
copying petstore_api/model/date_with_validations.py -> petstore-api-1.0.0/petstore_api/model
copying petstore_api/model/dog.py -> petstore-api-1.0.0/petstore_api/model
copying petstore_api/model/dog_all_of.py -> petstore-api-1.0.0/petstore_api/model
copying petstore_api/model/drawing.py -> petstore-api-1.0.0/petstore_api/model
copying petstore_api/model/enum_arrays.py -> petstore-api-1.0.0/petstore_api/model
copying petstore_api/model/enum_class.py -> petstore-api-1.0.0/petstore_api/model
copying petstore_api/model/enum_test.py -> petstore-api-1.0.0/petstore_api/model
copying petstore_api/model/equilateral_triangle.py -> petstore-api-1.0.0/petstore_api/model
copying petstore_api/model/equilateral_triangle_all_of.py -> petstore-api-1.0.0/petstore_api/model
copying petstore_api/model/file.py -> petstore-api-1.0.0/petstore_api/model
copying petstore_api/model/file_schema_test_class.py -> petstore-api-1.0.0/petstore_api/model
copying petstore_api/model/foo.py -> petstore-api-1.0.0/petstore_api/model
copying petstore_api/model/format_test.py -> petstore-api-1.0.0/petstore_api/model
copying petstore_api/model/fruit.py -> petstore-api-1.0.0/petstore_api/model
copying petstore_api/model/fruit_req.py -> petstore-api-1.0.0/petstore_api/model
copying petstore_api/model/gm_fruit.py -> petstore-api-1.0.0/petstore_api/model
copying petstore_api/model/grandparent_animal.py -> petstore-api-1.0.0/petstore_api/model
copying petstore_api/model/has_only_read_only.py -> petstore-api-1.0.0/petstore_api/model
copying petstore_api/model/health_check_result.py -> petstore-api-1.0.0/petstore_api/model
copying petstore_api/model/inline_response_default.py -> petstore-api-1.0.0/petstore_api/model
copying petstore_api/model/integer_enum.py -> petstore-api-1.0.0/petstore_api/model
copying petstore_api/model/integer_enum_big.py -> petstore-api-1.0.0/petstore_api/model
copying petstore_api/model/integer_enum_one_value.py -> petstore-api-1.0.0/petstore_api/model
copying petstore_api/model/integer_enum_with_default_value.py -> petstore-api-1.0.0/petstore_api/model
copying petstore_api/model/integer_max10.py -> petstore-api-1.0.0/petstore_api/model
copying petstore_api/model/integer_min15.py -> petstore-api-1.0.0/petstore_api/model
copying petstore_api/model/isosceles_triangle.py -> petstore-api-1.0.0/petstore_api/model
copying petstore_api/model/isosceles_triangle_all_of.py -> petstore-api-1.0.0/petstore_api/model
copying petstore_api/model/mammal.py -> petstore-api-1.0.0/petstore_api/model
copying petstore_api/model/map_test.py -> petstore-api-1.0.0/petstore_api/model
copying petstore_api/model/mixed_properties_and_additional_properties_class.py -> petstore-api-1.0.0/petstore_api/model
copying petstore_api/model/model200_response.py -> petstore-api-1.0.0/petstore_api/model
copying petstore_api/model/model_list.py -> petstore-api-1.0.0/petstore_api/model
copying petstore_api/model/model_return.py -> petstore-api-1.0.0/petstore_api/model
copying petstore_api/model/name.py -> petstore-api-1.0.0/petstore_api/model
copying petstore_api/model/no_additional_properties.py -> petstore-api-1.0.0/petstore_api/model
copying petstore_api/model/nullable_class.py -> petstore-api-1.0.0/petstore_api/model
copying petstore_api/model/nullable_shape.py -> petstore-api-1.0.0/petstore_api/model
copying petstore_api/model/nullable_string.py -> petstore-api-1.0.0/petstore_api/model
copying petstore_api/model/number_only.py -> petstore-api-1.0.0/petstore_api/model
copying petstore_api/model/number_with_validations.py -> petstore-api-1.0.0/petstore_api/model
copying petstore_api/model/object_interface.py -> petstore-api-1.0.0/petstore_api/model
copying petstore_api/model/object_model_with_ref_props.py -> petstore-api-1.0.0/petstore_api/model
copying petstore_api/model/object_with_validations.py -> petstore-api-1.0.0/petstore_api/model
copying petstore_api/model/order.py -> petstore-api-1.0.0/petstore_api/model
copying petstore_api/model/parent_pet.py -> petstore-api-1.0.0/petstore_api/model
copying petstore_api/model/pet.py -> petstore-api-1.0.0/petstore_api/model
copying petstore_api/model/pig.py -> petstore-api-1.0.0/petstore_api/model
copying petstore_api/model/player.py -> petstore-api-1.0.0/petstore_api/model
copying petstore_api/model/quadrilateral.py -> petstore-api-1.0.0/petstore_api/model
copying petstore_api/model/quadrilateral_interface.py -> petstore-api-1.0.0/petstore_api/model
copying petstore_api/model/read_only_first.py -> petstore-api-1.0.0/petstore_api/model
copying petstore_api/model/scalene_triangle.py -> petstore-api-1.0.0/petstore_api/model
copying petstore_api/model/scalene_triangle_all_of.py -> petstore-api-1.0.0/petstore_api/model
copying petstore_api/model/shape.py -> petstore-api-1.0.0/petstore_api/model
copying petstore_api/model/shape_or_null.py -> petstore-api-1.0.0/petstore_api/model
copying petstore_api/model/simple_quadrilateral.py -> petstore-api-1.0.0/petstore_api/model
copying petstore_api/model/simple_quadrilateral_all_of.py -> petstore-api-1.0.0/petstore_api/model
copying petstore_api/model/some_object.py -> petstore-api-1.0.0/petstore_api/model
copying petstore_api/model/special_model_name.py -> petstore-api-1.0.0/petstore_api/model
copying petstore_api/model/string_boolean_map.py -> petstore-api-1.0.0/petstore_api/model
copying petstore_api/model/string_enum.py -> petstore-api-1.0.0/petstore_api/model
copying petstore_api/model/string_enum_with_default_value.py -> petstore-api-1.0.0/petstore_api/model
copying petstore_api/model/string_with_validation.py -> petstore-api-1.0.0/petstore_api/model
copying petstore_api/model/tag.py -> petstore-api-1.0.0/petstore_api/model
copying petstore_api/model/triangle.py -> petstore-api-1.0.0/petstore_api/model
copying petstore_api/model/triangle_interface.py -> petstore-api-1.0.0/petstore_api/model
copying petstore_api/model/user.py -> petstore-api-1.0.0/petstore_api/model
copying petstore_api/model/whale.py -> petstore-api-1.0.0/petstore_api/model
copying petstore_api/model/zebra.py -> petstore-api-1.0.0/petstore_api/model
copying petstore_api/models/__init__.py -> petstore-api-1.0.0/petstore_api/models
copying test/test_additional_properties_class.py -> petstore-api-1.0.0/test
copying test/test_additional_properties_with_array_of_enums.py -> petstore-api-1.0.0/test
copying test/test_address.py -> petstore-api-1.0.0/test
copying test/test_animal.py -> petstore-api-1.0.0/test
copying test/test_animal_farm.py -> petstore-api-1.0.0/test
copying test/test_another_fake_api.py -> petstore-api-1.0.0/test
copying test/test_api_response.py -> petstore-api-1.0.0/test
copying test/test_apple.py -> petstore-api-1.0.0/test
copying test/test_apple_req.py -> petstore-api-1.0.0/test
copying test/test_array_holding_any_type.py -> petstore-api-1.0.0/test
copying test/test_array_of_array_of_number_only.py -> petstore-api-1.0.0/test
copying test/test_array_of_enums.py -> petstore-api-1.0.0/test
copying test/test_array_of_number_only.py -> petstore-api-1.0.0/test
copying test/test_array_test.py -> petstore-api-1.0.0/test
copying test/test_array_with_validations_in_items.py -> petstore-api-1.0.0/test
copying test/test_banana.py -> petstore-api-1.0.0/test
copying test/test_banana_req.py -> petstore-api-1.0.0/test
copying test/test_basque_pig.py -> petstore-api-1.0.0/test
copying test/test_capitalization.py -> petstore-api-1.0.0/test
copying test/test_cat.py -> petstore-api-1.0.0/test
copying test/test_cat_all_of.py -> petstore-api-1.0.0/test
copying test/test_category.py -> petstore-api-1.0.0/test
copying test/test_child_cat.py -> petstore-api-1.0.0/test
copying test/test_child_cat_all_of.py -> petstore-api-1.0.0/test
copying test/test_class_model.py -> petstore-api-1.0.0/test
copying test/test_client.py -> petstore-api-1.0.0/test
copying test/test_complex_quadrilateral.py -> petstore-api-1.0.0/test
copying test/test_complex_quadrilateral_all_of.py -> petstore-api-1.0.0/test
copying test/test_composed_any_of_different_types_no_validations.py -> petstore-api-1.0.0/test
copying test/test_composed_one_of_different_types.py -> petstore-api-1.0.0/test
copying test/test_danish_pig.py -> petstore-api-1.0.0/test
copying test/test_date_time_with_validations.py -> petstore-api-1.0.0/test
copying test/test_date_with_validations.py -> petstore-api-1.0.0/test
copying test/test_default_api.py -> petstore-api-1.0.0/test
copying test/test_dog.py -> petstore-api-1.0.0/test
copying test/test_dog_all_of.py -> petstore-api-1.0.0/test
copying test/test_drawing.py -> petstore-api-1.0.0/test
copying test/test_enum_arrays.py -> petstore-api-1.0.0/test
copying test/test_enum_class.py -> petstore-api-1.0.0/test
copying test/test_enum_test.py -> petstore-api-1.0.0/test
copying test/test_equilateral_triangle.py -> petstore-api-1.0.0/test
copying test/test_equilateral_triangle_all_of.py -> petstore-api-1.0.0/test
copying test/test_fake_api.py -> petstore-api-1.0.0/test
copying test/test_fake_classname_tags_123_api.py -> petstore-api-1.0.0/test
copying test/test_file.py -> petstore-api-1.0.0/test
copying test/test_file_schema_test_class.py -> petstore-api-1.0.0/test
copying test/test_foo.py -> petstore-api-1.0.0/test
copying test/test_format_test.py -> petstore-api-1.0.0/test
copying test/test_fruit.py -> petstore-api-1.0.0/test
copying test/test_fruit_req.py -> petstore-api-1.0.0/test
copying test/test_gm_fruit.py -> petstore-api-1.0.0/test
copying test/test_grandparent_animal.py -> petstore-api-1.0.0/test
copying test/test_has_only_read_only.py -> petstore-api-1.0.0/test
copying test/test_health_check_result.py -> petstore-api-1.0.0/test
copying test/test_inline_response_default.py -> petstore-api-1.0.0/test
copying test/test_integer_enum.py -> petstore-api-1.0.0/test
copying test/test_integer_enum_big.py -> petstore-api-1.0.0/test
copying test/test_integer_enum_one_value.py -> petstore-api-1.0.0/test
copying test/test_integer_enum_with_default_value.py -> petstore-api-1.0.0/test
copying test/test_integer_max10.py -> petstore-api-1.0.0/test
copying test/test_integer_min15.py -> petstore-api-1.0.0/test
copying test/test_isosceles_triangle.py -> petstore-api-1.0.0/test
copying test/test_isosceles_triangle_all_of.py -> petstore-api-1.0.0/test
copying test/test_mammal.py -> petstore-api-1.0.0/test
copying test/test_map_test.py -> petstore-api-1.0.0/test
copying test/test_mixed_properties_and_additional_properties_class.py -> petstore-api-1.0.0/test
copying test/test_model200_response.py -> petstore-api-1.0.0/test
copying test/test_model_list.py -> petstore-api-1.0.0/test
copying test/test_model_return.py -> petstore-api-1.0.0/test
copying test/test_name.py -> petstore-api-1.0.0/test
copying test/test_no_additional_properties.py -> petstore-api-1.0.0/test
copying test/test_nullable_class.py -> petstore-api-1.0.0/test
copying test/test_nullable_shape.py -> petstore-api-1.0.0/test
copying test/test_nullable_string.py -> petstore-api-1.0.0/test
copying test/test_number_only.py -> petstore-api-1.0.0/test
copying test/test_number_with_validations.py -> petstore-api-1.0.0/test
copying test/test_object_interface.py -> petstore-api-1.0.0/test
copying test/test_object_model_with_ref_props.py -> petstore-api-1.0.0/test
copying test/test_object_with_validations.py -> petstore-api-1.0.0/test
copying test/test_order.py -> petstore-api-1.0.0/test
copying test/test_parent_pet.py -> petstore-api-1.0.0/test
copying test/test_pet.py -> petstore-api-1.0.0/test
copying test/test_pet_api.py -> petstore-api-1.0.0/test
copying test/test_pig.py -> petstore-api-1.0.0/test
copying test/test_player.py -> petstore-api-1.0.0/test
copying test/test_quadrilateral.py -> petstore-api-1.0.0/test
copying test/test_quadrilateral_interface.py -> petstore-api-1.0.0/test
copying test/test_read_only_first.py -> petstore-api-1.0.0/test
copying test/test_scalene_triangle.py -> petstore-api-1.0.0/test
copying test/test_scalene_triangle_all_of.py -> petstore-api-1.0.0/test
copying test/test_shape.py -> petstore-api-1.0.0/test
copying test/test_shape_or_null.py -> petstore-api-1.0.0/test
copying test/test_simple_quadrilateral.py -> petstore-api-1.0.0/test
copying test/test_simple_quadrilateral_all_of.py -> petstore-api-1.0.0/test
copying test/test_some_object.py -> petstore-api-1.0.0/test
copying test/test_special_model_name.py -> petstore-api-1.0.0/test
copying test/test_store_api.py -> petstore-api-1.0.0/test
copying test/test_string_boolean_map.py -> petstore-api-1.0.0/test
copying test/test_string_enum.py -> petstore-api-1.0.0/test
copying test/test_string_enum_with_default_value.py -> petstore-api-1.0.0/test
copying test/test_string_with_validation.py -> petstore-api-1.0.0/test
copying test/test_tag.py -> petstore-api-1.0.0/test
copying test/test_triangle.py -> petstore-api-1.0.0/test
copying test/test_triangle_interface.py -> petstore-api-1.0.0/test
copying test/test_user.py -> petstore-api-1.0.0/test
copying test/test_user_api.py -> petstore-api-1.0.0/test
copying test/test_whale.py -> petstore-api-1.0.0/test
copying test/test_zebra.py -> petstore-api-1.0.0/test
copying tests_manual/__init__.py -> petstore-api-1.0.0/tests_manual
copying tests_manual/test_animal.py -> petstore-api-1.0.0/tests_manual
copying tests_manual/test_api_validation.py -> petstore-api-1.0.0/tests_manual
copying tests_manual/test_array_holding_any_type.py -> petstore-api-1.0.0/tests_manual
copying tests_manual/test_array_with_validations_in_items.py -> petstore-api-1.0.0/tests_manual
copying tests_manual/test_combine_object_schemas.py -> petstore-api-1.0.0/tests_manual
copying tests_manual/test_combine_schemas.py -> petstore-api-1.0.0/tests_manual
copying tests_manual/test_composed_one_of_different_types.py -> petstore-api-1.0.0/tests_manual
copying tests_manual/test_date_time_with_validations.py -> petstore-api-1.0.0/tests_manual
copying tests_manual/test_date_with_validations.py -> petstore-api-1.0.0/tests_manual
copying tests_manual/test_deserialization.py -> petstore-api-1.0.0/tests_manual
copying tests_manual/test_discard_unknown_properties.py -> petstore-api-1.0.0/tests_manual
copying tests_manual/test_drawing.py -> petstore-api-1.0.0/tests_manual
copying tests_manual/test_extra_pool_config_options.py -> petstore-api-1.0.0/tests_manual
copying tests_manual/test_fake_api.py -> petstore-api-1.0.0/tests_manual
copying tests_manual/test_format_test.py -> petstore-api-1.0.0/tests_manual
copying tests_manual/test_fruit.py -> petstore-api-1.0.0/tests_manual
copying tests_manual/test_fruit_req.py -> petstore-api-1.0.0/tests_manual
copying tests_manual/test_gm_fruit.py -> petstore-api-1.0.0/tests_manual
copying tests_manual/test_http_signature.py -> petstore-api-1.0.0/tests_manual
copying tests_manual/test_integer_enum_one_value.py -> petstore-api-1.0.0/tests_manual
copying tests_manual/test_json_encoder.py -> petstore-api-1.0.0/tests_manual
copying tests_manual/test_mammal.py -> petstore-api-1.0.0/tests_manual
copying tests_manual/test_no_additional_properties.py -> petstore-api-1.0.0/tests_manual
copying tests_manual/test_nullable_string.py -> petstore-api-1.0.0/tests_manual
copying tests_manual/test_number_with_validations.py -> petstore-api-1.0.0/tests_manual
copying tests_manual/test_object_model_with_ref_props.py -> petstore-api-1.0.0/tests_manual
copying tests_manual/test_object_with_validations.py -> petstore-api-1.0.0/tests_manual
copying tests_manual/test_parent_pet.py -> petstore-api-1.0.0/tests_manual
copying tests_manual/test_quadrilateral.py -> petstore-api-1.0.0/tests_manual
copying tests_manual/test_shape.py -> petstore-api-1.0.0/tests_manual
copying tests_manual/test_string_enum.py -> petstore-api-1.0.0/tests_manual
copying tests_manual/test_triangle.py -> petstore-api-1.0.0/tests_manual
copying tests_manual/util.py -> petstore-api-1.0.0/tests_manual
Writing petstore-api-1.0.0/setup.cfg
creating /Users/justinblack/programming/openapi-generator/samples/openapi3/client/petstore/python-experimental/.tox/dist
creating '/Users/justinblack/programming/openapi-generator/samples/openapi3/client/petstore/python-experimental/.tox/dist/petstore-api-1.0.0.zip' and adding 'petstore-api-1.0.0' to it
adding 'petstore-api-1.0.0'
adding 'petstore-api-1.0.0/tests_manual'
adding 'petstore-api-1.0.0/test'
adding 'petstore-api-1.0.0/petstore_api.egg-info'
adding 'petstore-api-1.0.0/petstore_api'
adding 'petstore-api-1.0.0/PKG-INFO'
adding 'petstore-api-1.0.0/README.md'
adding 'petstore-api-1.0.0/setup.py'
adding 'petstore-api-1.0.0/setup.cfg'
adding 'petstore-api-1.0.0/tests_manual/test_no_additional_properties.py'
adding 'petstore-api-1.0.0/tests_manual/test_gm_fruit.py'
adding 'petstore-api-1.0.0/tests_manual/test_deserialization.py'
adding 'petstore-api-1.0.0/tests_manual/test_fake_api.py'
adding 'petstore-api-1.0.0/tests_manual/test_number_with_validations.py'
adding 'petstore-api-1.0.0/tests_manual/test_array_holding_any_type.py'
adding 'petstore-api-1.0.0/tests_manual/test_object_model_with_ref_props.py'
adding 'petstore-api-1.0.0/tests_manual/test_shape.py'
adding 'petstore-api-1.0.0/tests_manual/test_format_test.py'
adding 'petstore-api-1.0.0/tests_manual/util.py'
adding 'petstore-api-1.0.0/tests_manual/test_json_encoder.py'
adding 'petstore-api-1.0.0/tests_manual/test_array_with_validations_in_items.py'
adding 'petstore-api-1.0.0/tests_manual/test_fruit_req.py'
adding 'petstore-api-1.0.0/tests_manual/test_extra_pool_config_options.py'
adding 'petstore-api-1.0.0/tests_manual/test_date_time_with_validations.py'
adding 'petstore-api-1.0.0/tests_manual/test_integer_enum_one_value.py'
adding 'petstore-api-1.0.0/tests_manual/test_combine_object_schemas.py'
adding 'petstore-api-1.0.0/tests_manual/__init__.py'
adding 'petstore-api-1.0.0/tests_manual/test_drawing.py'
adding 'petstore-api-1.0.0/tests_manual/test_api_validation.py'
adding 'petstore-api-1.0.0/tests_manual/test_parent_pet.py'
adding 'petstore-api-1.0.0/tests_manual/test_fruit.py'
adding 'petstore-api-1.0.0/tests_manual/test_quadrilateral.py'
adding 'petstore-api-1.0.0/tests_manual/test_combine_schemas.py'
adding 'petstore-api-1.0.0/tests_manual/test_composed_one_of_different_types.py'
adding 'petstore-api-1.0.0/tests_manual/test_http_signature.py'
adding 'petstore-api-1.0.0/tests_manual/test_mammal.py'
adding 'petstore-api-1.0.0/tests_manual/test_string_enum.py'
adding 'petstore-api-1.0.0/tests_manual/test_object_with_validations.py'
adding 'petstore-api-1.0.0/tests_manual/test_nullable_string.py'
adding 'petstore-api-1.0.0/tests_manual/test_discard_unknown_properties.py'
adding 'petstore-api-1.0.0/tests_manual/test_animal.py'
adding 'petstore-api-1.0.0/tests_manual/test_triangle.py'
adding 'petstore-api-1.0.0/tests_manual/test_date_with_validations.py'
adding 'petstore-api-1.0.0/test/test_no_additional_properties.py'
adding 'petstore-api-1.0.0/test/test_complex_quadrilateral_all_of.py'
adding 'petstore-api-1.0.0/test/test_integer_max10.py'
adding 'petstore-api-1.0.0/test/test_gm_fruit.py'
adding 'petstore-api-1.0.0/test/test_simple_quadrilateral.py'
adding 'petstore-api-1.0.0/test/test_simple_quadrilateral_all_of.py'
adding 'petstore-api-1.0.0/test/test_dog_all_of.py'
adding 'petstore-api-1.0.0/test/test_cat.py'
adding 'petstore-api-1.0.0/test/test_array_test.py'
adding 'petstore-api-1.0.0/test/test_fake_api.py'
adding 'petstore-api-1.0.0/test/test_triangle_interface.py'
adding 'petstore-api-1.0.0/test/test_enum_test.py'
adding 'petstore-api-1.0.0/test/test_player.py'
adding 'petstore-api-1.0.0/test/test_number_with_validations.py'
adding 'petstore-api-1.0.0/test/test_integer_enum_with_default_value.py'
adding 'petstore-api-1.0.0/test/test_integer_min15.py'
adding 'petstore-api-1.0.0/test/test_cat_all_of.py'
adding 'petstore-api-1.0.0/test/test_capitalization.py'
adding 'petstore-api-1.0.0/test/test_model_return.py'
adding 'petstore-api-1.0.0/test/test_complex_quadrilateral.py'
adding 'petstore-api-1.0.0/test/test_user.py'
adding 'petstore-api-1.0.0/test/test_address.py'
adding 'petstore-api-1.0.0/test/test_array_holding_any_type.py'
adding 'petstore-api-1.0.0/test/test_banana.py'
adding 'petstore-api-1.0.0/test/test_object_model_with_ref_props.py'
adding 'petstore-api-1.0.0/test/test_some_object.py'
adding 'petstore-api-1.0.0/test/test_shape.py'
adding 'petstore-api-1.0.0/test/test_array_of_enums.py'
adding 'petstore-api-1.0.0/test/test_equilateral_triangle.py'
adding 'petstore-api-1.0.0/test/test_format_test.py'
adding 'petstore-api-1.0.0/test/test_enum_arrays.py'
adding 'petstore-api-1.0.0/test/test_model200_response.py'
adding 'petstore-api-1.0.0/test/test_quadrilateral_interface.py'
adding 'petstore-api-1.0.0/test/test_array_with_validations_in_items.py'
adding 'petstore-api-1.0.0/test/test_nullable_class.py'
adding 'petstore-api-1.0.0/test/test_integer_enum.py'
adding 'petstore-api-1.0.0/test/test_fruit_req.py'
adding 'petstore-api-1.0.0/test/test_user_api.py'
adding 'petstore-api-1.0.0/test/test_file_schema_test_class.py'
adding 'petstore-api-1.0.0/test/test_date_time_with_validations.py'
adding 'petstore-api-1.0.0/test/test_integer_enum_one_value.py'
adding 'petstore-api-1.0.0/test/test_api_response.py'
adding 'petstore-api-1.0.0/test/test_class_model.py'
adding 'petstore-api-1.0.0/test/test_animal_farm.py'
adding 'petstore-api-1.0.0/test/test_nullable_shape.py'
adding 'petstore-api-1.0.0/test/test_object_interface.py'
adding 'petstore-api-1.0.0/test/test_scalene_triangle_all_of.py'
adding 'petstore-api-1.0.0/test/test_apple.py'
adding 'petstore-api-1.0.0/test/test_pet_api.py'
adding 'petstore-api-1.0.0/test/test_isosceles_triangle_all_of.py'
adding 'petstore-api-1.0.0/test/test_another_fake_api.py'
adding 'petstore-api-1.0.0/test/test_apple_req.py'
adding 'petstore-api-1.0.0/test/test_pet.py'
adding 'petstore-api-1.0.0/test/test_store_api.py'
adding 'petstore-api-1.0.0/test/test_child_cat.py'
adding 'petstore-api-1.0.0/test/test_additional_properties_with_array_of_enums.py'
adding 'petstore-api-1.0.0/test/test_array_of_number_only.py'
adding 'petstore-api-1.0.0/test/test_child_cat_all_of.py'
adding 'petstore-api-1.0.0/test/test_special_model_name.py'
adding 'petstore-api-1.0.0/test/test_drawing.py'
adding 'petstore-api-1.0.0/test/test_parent_pet.py'
adding 'petstore-api-1.0.0/test/test_string_with_validation.py'
adding 'petstore-api-1.0.0/test/test_array_of_array_of_number_only.py'
adding 'petstore-api-1.0.0/test/test_additional_properties_class.py'
adding 'petstore-api-1.0.0/test/test_basque_pig.py'
adding 'petstore-api-1.0.0/test/test_composed_any_of_different_types_no_validations.py'
adding 'petstore-api-1.0.0/test/test_whale.py'
adding 'petstore-api-1.0.0/test/test_fruit.py'
adding 'petstore-api-1.0.0/test/test_quadrilateral.py'
adding 'petstore-api-1.0.0/test/test_equilateral_triangle_all_of.py'
adding 'petstore-api-1.0.0/test/test_zebra.py'
adding 'petstore-api-1.0.0/test/test_composed_one_of_different_types.py'
adding 'petstore-api-1.0.0/test/test_has_only_read_only.py'
adding 'petstore-api-1.0.0/test/test_mammal.py'
adding 'petstore-api-1.0.0/test/test_integer_enum_big.py'
adding 'petstore-api-1.0.0/test/test_model_list.py'
adding 'petstore-api-1.0.0/test/test_danish_pig.py'
adding 'petstore-api-1.0.0/test/test_read_only_first.py'
adding 'petstore-api-1.0.0/test/test_string_enum.py'
adding 'petstore-api-1.0.0/test/test_isosceles_triangle.py'
adding 'petstore-api-1.0.0/test/test_file.py'
adding 'petstore-api-1.0.0/test/test_foo.py'
adding 'petstore-api-1.0.0/test/test_enum_class.py'
adding 'petstore-api-1.0.0/test/test_object_with_validations.py'
adding 'petstore-api-1.0.0/test/test_mixed_properties_and_additional_properties_class.py'
adding 'petstore-api-1.0.0/test/test_shape_or_null.py'
adding 'petstore-api-1.0.0/test/test_tag.py'
adding 'petstore-api-1.0.0/test/test_scalene_triangle.py'
adding 'petstore-api-1.0.0/test/test_nullable_string.py'
adding 'petstore-api-1.0.0/test/test_category.py'
adding 'petstore-api-1.0.0/test/test_inline_response_default.py'
adding 'petstore-api-1.0.0/test/test_number_only.py'
adding 'petstore-api-1.0.0/test/test_map_test.py'
adding 'petstore-api-1.0.0/test/test_client.py'
adding 'petstore-api-1.0.0/test/test_fake_classname_tags_123_api.py'
adding 'petstore-api-1.0.0/test/test_order.py'
adding 'petstore-api-1.0.0/test/test_name.py'
adding 'petstore-api-1.0.0/test/test_animal.py'
adding 'petstore-api-1.0.0/test/test_pig.py'
adding 'petstore-api-1.0.0/test/test_health_check_result.py'
adding 'petstore-api-1.0.0/test/test_string_enum_with_default_value.py'
adding 'petstore-api-1.0.0/test/test_dog.py'
adding 'petstore-api-1.0.0/test/test_grandparent_animal.py'
adding 'petstore-api-1.0.0/test/test_banana_req.py'
adding 'petstore-api-1.0.0/test/test_default_api.py'
adding 'petstore-api-1.0.0/test/test_triangle.py'
adding 'petstore-api-1.0.0/test/test_date_with_validations.py'
adding 'petstore-api-1.0.0/test/test_string_boolean_map.py'
adding 'petstore-api-1.0.0/petstore_api.egg-info/PKG-INFO'
adding 'petstore-api-1.0.0/petstore_api.egg-info/SOURCES.txt'
adding 'petstore-api-1.0.0/petstore_api.egg-info/requires.txt'
adding 'petstore-api-1.0.0/petstore_api.egg-info/top_level.txt'
adding 'petstore-api-1.0.0/petstore_api.egg-info/dependency_links.txt'
adding 'petstore-api-1.0.0/petstore_api/apis'
adding 'petstore-api-1.0.0/petstore_api/models'
adding 'petstore-api-1.0.0/petstore_api/model'
adding 'petstore-api-1.0.0/petstore_api/api'
adding 'petstore-api-1.0.0/petstore_api/model_utils.py'
adding 'petstore-api-1.0.0/petstore_api/signing.py'
adding 'petstore-api-1.0.0/petstore_api/configuration.py'
adding 'petstore-api-1.0.0/petstore_api/enums.py'
adding 'petstore-api-1.0.0/petstore_api/rest.py'
adding 'petstore-api-1.0.0/petstore_api/__init__.py'
adding 'petstore-api-1.0.0/petstore_api/exceptions.py'
adding 'petstore-api-1.0.0/petstore_api/api_client.py'
adding 'petstore-api-1.0.0/petstore_api/apis/__init__.py'
adding 'petstore-api-1.0.0/petstore_api/models/__init__.py'
adding 'petstore-api-1.0.0/petstore_api/model/read_only_first.py'
adding 'petstore-api-1.0.0/petstore_api/model/whale.py'
adding 'petstore-api-1.0.0/petstore_api/model/fruit.py'
adding 'petstore-api-1.0.0/petstore_api/model/address.py'
adding 'petstore-api-1.0.0/petstore_api/model/user.py'
adding 'petstore-api-1.0.0/petstore_api/model/scalene_triangle_all_of.py'
adding 'petstore-api-1.0.0/petstore_api/model/zebra.py'
adding 'petstore-api-1.0.0/petstore_api/model/class_model.py'
adding 'petstore-api-1.0.0/petstore_api/model/animal_farm.py'
adding 'petstore-api-1.0.0/petstore_api/model/nullable_string.py'
adding 'petstore-api-1.0.0/petstore_api/model/mammal.py'
adding 'petstore-api-1.0.0/petstore_api/model/banana_req.py'
adding 'petstore-api-1.0.0/petstore_api/model/date_with_validations.py'
adding 'petstore-api-1.0.0/petstore_api/model/string_enum_with_default_value.py'
adding 'petstore-api-1.0.0/petstore_api/model/additional_properties_with_array_of_enums.py'
adding 'petstore-api-1.0.0/petstore_api/model/string_boolean_map.py'
adding 'petstore-api-1.0.0/petstore_api/model/pet.py'
adding 'petstore-api-1.0.0/petstore_api/model/integer_min15.py'
adding 'petstore-api-1.0.0/petstore_api/model/grandparent_animal.py'
adding 'petstore-api-1.0.0/petstore_api/model/integer_max10.py'
adding 'petstore-api-1.0.0/petstore_api/model/quadrilateral_interface.py'
adding 'petstore-api-1.0.0/petstore_api/model/additional_properties_class.py'
adding 'petstore-api-1.0.0/petstore_api/model/integer_enum_with_default_value.py'
adding 'petstore-api-1.0.0/petstore_api/model/model_list.py'
adding 'petstore-api-1.0.0/petstore_api/model/gm_fruit.py'
adding 'petstore-api-1.0.0/petstore_api/model/cat.py'
adding 'petstore-api-1.0.0/petstore_api/model/has_only_read_only.py'
adding 'petstore-api-1.0.0/petstore_api/model/simple_quadrilateral_all_of.py'
adding 'petstore-api-1.0.0/petstore_api/model/client.py'
adding 'petstore-api-1.0.0/petstore_api/model/integer_enum_big.py'
adding 'petstore-api-1.0.0/petstore_api/model/order.py'
adding 'petstore-api-1.0.0/petstore_api/model/drawing.py'
adding 'petstore-api-1.0.0/petstore_api/model/animal.py'
adding 'petstore-api-1.0.0/petstore_api/model/__init__.py'
adding 'petstore-api-1.0.0/petstore_api/model/array_with_validations_in_items.py'
adding 'petstore-api-1.0.0/petstore_api/model/number_with_validations.py'
adding 'petstore-api-1.0.0/petstore_api/model/some_object.py'
adding 'petstore-api-1.0.0/petstore_api/model/enum_class.py'
adding 'petstore-api-1.0.0/petstore_api/model/object_model_with_ref_props.py'
adding 'petstore-api-1.0.0/petstore_api/model/enum_arrays.py'
adding 'petstore-api-1.0.0/petstore_api/model/danish_pig.py'
adding 'petstore-api-1.0.0/petstore_api/model/isosceles_triangle.py'
adding 'petstore-api-1.0.0/petstore_api/model/scalene_triangle.py'
adding 'petstore-api-1.0.0/petstore_api/model/format_test.py'
adding 'petstore-api-1.0.0/petstore_api/model/api_response.py'
adding 'petstore-api-1.0.0/petstore_api/model/shape_or_null.py'
adding 'petstore-api-1.0.0/petstore_api/model/nullable_shape.py'
adding 'petstore-api-1.0.0/petstore_api/model/file.py'
adding 'petstore-api-1.0.0/petstore_api/model/number_only.py'
adding 'petstore-api-1.0.0/petstore_api/model/integer_enum.py'
adding 'petstore-api-1.0.0/petstore_api/model/array_holding_any_type.py'
adding 'petstore-api-1.0.0/petstore_api/model/nullable_class.py'
adding 'petstore-api-1.0.0/petstore_api/model/equilateral_triangle.py'
adding 'petstore-api-1.0.0/petstore_api/model/player.py'
adding 'petstore-api-1.0.0/petstore_api/model/map_test.py'
adding 'petstore-api-1.0.0/petstore_api/model/parent_pet.py'
adding 'petstore-api-1.0.0/petstore_api/model/special_model_name.py'
adding 'petstore-api-1.0.0/petstore_api/model/enum_test.py'
adding 'petstore-api-1.0.0/petstore_api/model/pig.py'
adding 'petstore-api-1.0.0/petstore_api/model/simple_quadrilateral.py'
adding 'petstore-api-1.0.0/petstore_api/model/basque_pig.py'
adding 'petstore-api-1.0.0/petstore_api/model/date_time_with_validations.py'
adding 'petstore-api-1.0.0/petstore_api/model/object_interface.py'
adding 'petstore-api-1.0.0/petstore_api/model/banana.py'
adding 'petstore-api-1.0.0/petstore_api/model/child_cat_all_of.py'
adding 'petstore-api-1.0.0/petstore_api/model/composed_one_of_different_types.py'
adding 'petstore-api-1.0.0/petstore_api/model/dog.py'
adding 'petstore-api-1.0.0/petstore_api/model/triangle.py'
adding 'petstore-api-1.0.0/petstore_api/model/health_check_result.py'
adding 'petstore-api-1.0.0/petstore_api/model/quadrilateral.py'
adding 'petstore-api-1.0.0/petstore_api/model/shape.py'
adding 'petstore-api-1.0.0/petstore_api/model/complex_quadrilateral_all_of.py'
adding 'petstore-api-1.0.0/petstore_api/model/child_cat.py'
adding 'petstore-api-1.0.0/petstore_api/model/object_with_validations.py'
adding 'petstore-api-1.0.0/petstore_api/model/array_test.py'
adding 'petstore-api-1.0.0/petstore_api/model/inline_response_default.py'
adding 'petstore-api-1.0.0/petstore_api/model/triangle_interface.py'
adding 'petstore-api-1.0.0/petstore_api/model/string_with_validation.py'
adding 'petstore-api-1.0.0/petstore_api/model/model200_response.py'
adding 'petstore-api-1.0.0/petstore_api/model/dog_all_of.py'
adding 'petstore-api-1.0.0/petstore_api/model/name.py'
adding 'petstore-api-1.0.0/petstore_api/model/equilateral_triangle_all_of.py'
adding 'petstore-api-1.0.0/petstore_api/model/apple_req.py'
adding 'petstore-api-1.0.0/petstore_api/model/array_of_number_only.py'
adding 'petstore-api-1.0.0/petstore_api/model/isosceles_triangle_all_of.py'
adding 'petstore-api-1.0.0/petstore_api/model/string_enum.py'
adding 'petstore-api-1.0.0/petstore_api/model/mixed_properties_and_additional_properties_class.py'
adding 'petstore-api-1.0.0/petstore_api/model/file_schema_test_class.py'
adding 'petstore-api-1.0.0/petstore_api/model/foo.py'
adding 'petstore-api-1.0.0/petstore_api/model/array_of_enums.py'
adding 'petstore-api-1.0.0/petstore_api/model/apple.py'
adding 'petstore-api-1.0.0/petstore_api/model/integer_enum_one_value.py'
adding 'petstore-api-1.0.0/petstore_api/model/tag.py'
adding 'petstore-api-1.0.0/petstore_api/model/category.py'
adding 'petstore-api-1.0.0/petstore_api/model/capitalization.py'
adding 'petstore-api-1.0.0/petstore_api/model/no_additional_properties.py'
adding 'petstore-api-1.0.0/petstore_api/model/array_of_array_of_number_only.py'
adding 'petstore-api-1.0.0/petstore_api/model/fruit_req.py'
adding 'petstore-api-1.0.0/petstore_api/model/cat_all_of.py'
adding 'petstore-api-1.0.0/petstore_api/model/complex_quadrilateral.py'
adding 'petstore-api-1.0.0/petstore_api/model/composed_any_of_different_types_no_validations.py'
adding 'petstore-api-1.0.0/petstore_api/model/model_return.py'
adding 'petstore-api-1.0.0/petstore_api/api/user_api.py'
adding 'petstore-api-1.0.0/petstore_api/api/pet_api.py'
adding 'petstore-api-1.0.0/petstore_api/api/fake_api.py'
adding 'petstore-api-1.0.0/petstore_api/api/__init__.py'
adding 'petstore-api-1.0.0/petstore_api/api/fake_classname_tags_123_api.py'
adding 'petstore-api-1.0.0/petstore_api/api/another_fake_api.py'
adding 'petstore-api-1.0.0/petstore_api/api/default_api.py'
adding 'petstore-api-1.0.0/petstore_api/api/store_api.py'
removing 'petstore-api-1.0.0' (and everything under it)
